TN:
SF:/home/spyteamalex/Documents/ITMO/ITMO-Code-2-Sem/CPP/huffman-spyteamalex/cmake-build-Debug/vcpkg_installed/x64-linux/include/gtest/gtest-assertion-result.h
FN:155,161,_ZN7testing15AssertionResultC2IbEERKT_PNSt9enable_ifIXntsrSt14is_convertibleIS2_S0_E5valueEvE4typeE
FN:174,174,_ZNK7testing15AssertionResultcvbEv
FN:183,185,_ZNK7testing15AssertionResult7messageEv
FN:187,187,_ZNK7testing15AssertionResult15failure_messageEv
FNDA:318676,_ZN7testing15AssertionResultC2IbEERKT_PNSt9enable_ifIXntsrSt14is_convertibleIS2_S0_E5valueEvE4typeE
FNDA:318676,_ZNK7testing15AssertionResultcvbEv
FNDA:0,_ZNK7testing15AssertionResult7messageEv
FNDA:0,_ZNK7testing15AssertionResult15failure_messageEv
FNF:4
FNH:2
DA:155,318676
DA:161,318676
DA:174,318676
DA:183,0
DA:184,0
DA:187,0
LF:6
LH:3
end_of_record
TN:
SF:/home/spyteamalex/Documents/ITMO/ITMO-Code-2-Sem/CPP/huffman-spyteamalex/cmake-build-Debug/vcpkg_installed/x64-linux/include/gtest/gtest-message.h
FNF:0
FNH:0
LF:0
LH:0
end_of_record
TN:
SF:/home/spyteamalex/Documents/ITMO/ITMO-Code-2-Sem/CPP/huffman-spyteamalex/cmake-build-Debug/vcpkg_installed/x64-linux/include/gtest/gtest-printers.h
FN:1078,1083,_ZN7testing8internal14UniversalPrintIN7huffman4impl12bit_sequenceEEEvRKT_PSo
FN:1078,1083,_ZN7testing8internal14UniversalPrintINSt7__cxx1112basic_stringIcSt11char_traitsIcESaIcEEEEEvRKT_PSo
FN:1078,1083,_ZN7testing8internal14UniversalPrintIbEEvRKT_PSo
FN:1078,1083,_ZN7testing8internal14UniversalPrintIhEEvRKT_PSo
FN:1078,1083,_ZN7testing8internal14UniversalPrintIiEEvRKT_PSo
FN:1078,1083,_ZN7testing8internal14UniversalPrintIjEEvRKT_PSo
FN:1078,1083,_ZN7testing8internal14UniversalPrintImEEvRKT_PSo
FN:1118,1122,_ZN7testing13PrintToStringIN7huffman4impl12bit_sequenceEEENSt7__cxx1112basic_stringIcSt11char_traitsIcESaIcEEERKT_
FN:1118,1122,_ZN7testing13PrintToStringINSt7__cxx1112basic_stringIcSt11char_traitsIcESaIcEEEEES6_RKT_
FN:1118,1122,_ZN7testing13PrintToStringIbEENSt7__cxx1112basic_stringIcSt11char_traitsIcESaIcEEERKT_
FN:1118,1122,_ZN7testing13PrintToStringIhEENSt7__cxx1112basic_stringIcSt11char_traitsIcESaIcEEERKT_
FN:1118,1122,_ZN7testing13PrintToStringIiEENSt7__cxx1112basic_stringIcSt11char_traitsIcESaIcEEERKT_
FN:1118,1122,_ZN7testing13PrintToStringIjEENSt7__cxx1112basic_stringIcSt11char_traitsIcESaIcEEERKT_
FN:1118,1122,_ZN7testing13PrintToStringImEENSt7__cxx1112basic_stringIcSt11char_traitsIcESaIcEEERKT_
FN:214,218,_ZN7testing8internal52internal_stream_operator_without_lexical_name_lookup13StreamPrinter10PrintValueIivRSoEEvRKT_PSo
FN:214,218,_ZN7testing8internal52internal_stream_operator_without_lexical_name_lookup13StreamPrinter10PrintValueIjvRSoEEvRKT_PSo
FN:214,218,_ZN7testing8internal52internal_stream_operator_without_lexical_name_lookup13StreamPrinter10PrintValueImvRSoEEvRKT_PSo
FN:269,275,_ZN7testing8internal15RawBytesPrinter10PrintValueIN7huffman4impl12bit_sequenceELm32EEEvRKT_PSo
FN:306,313,_ZN7testing8internal17PrintWithFallbackIN7huffman4impl12bit_sequenceEEEvRKT_PSo
FN:306,313,_ZN7testing8internal17PrintWithFallbackIiEEvRKT_PSo
FN:306,313,_ZN7testing8internal17PrintWithFallbackIjEEvRKT_PSo
FN:306,313,_ZN7testing8internal17PrintWithFallbackImEEvRKT_PSo
FN:333,335,_ZN7testing8internal19FormatForComparisonIN7huffman4impl12bit_sequenceES4_E6FormatB5cxx11ERKS4_
FN:333,335,_ZN7testing8internal19FormatForComparisonINSt7__cxx1112basic_stringIcSt11char_traitsIcESaIcEEES7_E6FormatERKS7_
FN:333,335,_ZN7testing8internal19FormatForComparisonIbbE6FormatB5cxx11ERKb
FN:333,335,_ZN7testing8internal19FormatForComparisonIbiE6FormatB5cxx11ERKb
FN:333,335,_ZN7testing8internal19FormatForComparisonIbjE6FormatB5cxx11ERKb
FN:333,335,_ZN7testing8internal19FormatForComparisonIhmE6FormatB5cxx11ERKh
FN:333,335,_ZN7testing8internal19FormatForComparisonIibE6FormatB5cxx11ERKi
FN:333,335,_ZN7testing8internal19FormatForComparisonIimE6FormatB5cxx11ERKi
FN:333,335,_ZN7testing8internal19FormatForComparisonIjbE6FormatB5cxx11ERKj
FN:333,335,_ZN7testing8internal19FormatForComparisonImhE6FormatB5cxx11ERKm
FN:333,335,_ZN7testing8internal19FormatForComparisonImiE6FormatB5cxx11ERKm
FN:333,335,_ZN7testing8internal19FormatForComparisonImmE6FormatB5cxx11ERKm
FN:413,416,_ZN7testing8internal33FormatForComparisonFailureMessageIN7huffman4impl12bit_sequenceES4_EENSt7__cxx1112basic_stringIcSt11char_traitsIcESaIcEEERKT_RKT0_
FN:413,416,_ZN7testing8internal33FormatForComparisonFailureMessageINSt7__cxx1112basic_stringIcSt11char_traitsIcESaIcEEES7_EES7_RKT_RKT0_
FN:413,416,_ZN7testing8internal33FormatForComparisonFailureMessageIbbEENSt7__cxx1112basic_stringIcSt11char_traitsIcESaIcEEERKT_RKT0_
FN:413,416,_ZN7testing8internal33FormatForComparisonFailureMessageIbiEENSt7__cxx1112basic_stringIcSt11char_traitsIcESaIcEEERKT_RKT0_
FN:413,416,_ZN7testing8internal33FormatForComparisonFailureMessageIbjEENSt7__cxx1112basic_stringIcSt11char_traitsIcESaIcEEERKT_RKT0_
FN:413,416,_ZN7testing8internal33FormatForComparisonFailureMessageIhmEENSt7__cxx1112basic_stringIcSt11char_traitsIcESaIcEEERKT_RKT0_
FN:413,416,_ZN7testing8internal33FormatForComparisonFailureMessageIibEENSt7__cxx1112basic_stringIcSt11char_traitsIcESaIcEEERKT_RKT0_
FN:413,416,_ZN7testing8internal33FormatForComparisonFailureMessageIimEENSt7__cxx1112basic_stringIcSt11char_traitsIcESaIcEEERKT_RKT0_
FN:413,416,_ZN7testing8internal33FormatForComparisonFailureMessageIjbEENSt7__cxx1112basic_stringIcSt11char_traitsIcESaIcEEERKT_RKT0_
FN:413,416,_ZN7testing8internal33FormatForComparisonFailureMessageImhEENSt7__cxx1112basic_stringIcSt11char_traitsIcESaIcEEERKT_RKT0_
FN:413,416,_ZN7testing8internal33FormatForComparisonFailureMessageImiEENSt7__cxx1112basic_stringIcSt11char_traitsIcESaIcEEERKT_RKT0_
FN:413,416,_ZN7testing8internal33FormatForComparisonFailureMessageImmEENSt7__cxx1112basic_stringIcSt11char_traitsIcESaIcEEERKT_RKT0_
FN:440,442,_ZN7testing8internal7PrintToIN7huffman4impl12bit_sequenceEEEvRKT_PSo
FN:440,442,_ZN7testing8internal7PrintToIiEEvRKT_PSo
FN:440,442,_ZN7testing8internal7PrintToIjEEvRKT_PSo
FN:440,442,_ZN7testing8internal7PrintToImEEvRKT_PSo
FN:459,461,_ZN7testing8internal7PrintToEbPSo
FN:630,632,_ZN7testing8internal7PrintToERKNSt7__cxx1112basic_stringIcSt11char_traitsIcESaIcEEEPSo
FN:769,779,_ZN7testing8internal16UniversalPrinterIN7huffman4impl12bit_sequenceEE5PrintERKS4_PSo
FN:769,779,_ZN7testing8internal16UniversalPrinterINSt7__cxx1112basic_stringIcSt11char_traitsIcESaIcEEEE5PrintERKS7_PSo
FN:769,779,_ZN7testing8internal16UniversalPrinterIbE5PrintERKbPSo
FN:769,779,_ZN7testing8internal16UniversalPrinterIhE5PrintERKhPSo
FN:769,779,_ZN7testing8internal16UniversalPrinterIiE5PrintERKiPSo
FN:769,779,_ZN7testing8internal16UniversalPrinterIjE5PrintERKjPSo
FN:769,779,_ZN7testing8internal16UniversalPrinterImE5PrintERKmPSo
FN:959,961,_ZN7testing8internal21UniversalTersePrinterIN7huffman4impl12bit_sequenceEE5PrintERKS4_PSo
FN:959,961,_ZN7testing8internal21UniversalTersePrinterINSt7__cxx1112basic_stringIcSt11char_traitsIcESaIcEEEE5PrintERKS7_PSo
FN:959,961,_ZN7testing8internal21UniversalTersePrinterIbE5PrintERKbPSo
FN:959,961,_ZN7testing8internal21UniversalTersePrinterIhE5PrintERKhPSo
FN:959,961,_ZN7testing8internal21UniversalTersePrinterIiE5PrintERKiPSo
FN:959,961,_ZN7testing8internal21UniversalTersePrinterIjE5PrintERKjPSo
FN:959,961,_ZN7testing8internal21UniversalTersePrinterImE5PrintERKmPSo
FNDA:0,_ZN7testing8internal14UniversalPrintIN7huffman4impl12bit_sequenceEEEvRKT_PSo
FNDA:0,_ZN7testing8internal14UniversalPrintINSt7__cxx1112basic_stringIcSt11char_traitsIcESaIcEEEEEvRKT_PSo
FNDA:0,_ZN7testing8internal14UniversalPrintIbEEvRKT_PSo
FNDA:0,_ZN7testing8internal14UniversalPrintIhEEvRKT_PSo
FNDA:0,_ZN7testing8internal14UniversalPrintIiEEvRKT_PSo
FNDA:0,_ZN7testing8internal14UniversalPrintIjEEvRKT_PSo
FNDA:0,_ZN7testing8internal14UniversalPrintImEEvRKT_PSo
FNDA:0,_ZN7testing13PrintToStringIN7huffman4impl12bit_sequenceEEENSt7__cxx1112basic_stringIcSt11char_traitsIcESaIcEEERKT_
FNDA:0,_ZN7testing13PrintToStringINSt7__cxx1112basic_stringIcSt11char_traitsIcESaIcEEEEES6_RKT_
FNDA:0,_ZN7testing13PrintToStringIbEENSt7__cxx1112basic_stringIcSt11char_traitsIcESaIcEEERKT_
FNDA:0,_ZN7testing13PrintToStringIhEENSt7__cxx1112basic_stringIcSt11char_traitsIcESaIcEEERKT_
FNDA:0,_ZN7testing13PrintToStringIiEENSt7__cxx1112basic_stringIcSt11char_traitsIcESaIcEEERKT_
FNDA:0,_ZN7testing13PrintToStringIjEENSt7__cxx1112basic_stringIcSt11char_traitsIcESaIcEEERKT_
FNDA:0,_ZN7testing13PrintToStringImEENSt7__cxx1112basic_stringIcSt11char_traitsIcESaIcEEERKT_
FNDA:0,_ZN7testing8internal52internal_stream_operator_without_lexical_name_lookup13StreamPrinter10PrintValueIivRSoEEvRKT_PSo
FNDA:0,_ZN7testing8internal52internal_stream_operator_without_lexical_name_lookup13StreamPrinter10PrintValueIjvRSoEEvRKT_PSo
FNDA:0,_ZN7testing8internal52internal_stream_operator_without_lexical_name_lookup13StreamPrinter10PrintValueImvRSoEEvRKT_PSo
FNDA:0,_ZN7testing8internal15RawBytesPrinter10PrintValueIN7huffman4impl12bit_sequenceELm32EEEvRKT_PSo
FNDA:0,_ZN7testing8internal17PrintWithFallbackIN7huffman4impl12bit_sequenceEEEvRKT_PSo
FNDA:0,_ZN7testing8internal17PrintWithFallbackIiEEvRKT_PSo
FNDA:0,_ZN7testing8internal17PrintWithFallbackIjEEvRKT_PSo
FNDA:0,_ZN7testing8internal17PrintWithFallbackImEEvRKT_PSo
FNDA:0,_ZN7testing8internal19FormatForComparisonIN7huffman4impl12bit_sequenceES4_E6FormatB5cxx11ERKS4_
FNDA:0,_ZN7testing8internal19FormatForComparisonINSt7__cxx1112basic_stringIcSt11char_traitsIcESaIcEEES7_E6FormatERKS7_
FNDA:0,_ZN7testing8internal19FormatForComparisonIbbE6FormatB5cxx11ERKb
FNDA:0,_ZN7testing8internal19FormatForComparisonIbiE6FormatB5cxx11ERKb
FNDA:0,_ZN7testing8internal19FormatForComparisonIbjE6FormatB5cxx11ERKb
FNDA:0,_ZN7testing8internal19FormatForComparisonIhmE6FormatB5cxx11ERKh
FNDA:0,_ZN7testing8internal19FormatForComparisonIibE6FormatB5cxx11ERKi
FNDA:0,_ZN7testing8internal19FormatForComparisonIimE6FormatB5cxx11ERKi
FNDA:0,_ZN7testing8internal19FormatForComparisonIjbE6FormatB5cxx11ERKj
FNDA:0,_ZN7testing8internal19FormatForComparisonImhE6FormatB5cxx11ERKm
FNDA:0,_ZN7testing8internal19FormatForComparisonImiE6FormatB5cxx11ERKm
FNDA:0,_ZN7testing8internal19FormatForComparisonImmE6FormatB5cxx11ERKm
FNDA:0,_ZN7testing8internal33FormatForComparisonFailureMessageIN7huffman4impl12bit_sequenceES4_EENSt7__cxx1112basic_stringIcSt11char_traitsIcESaIcEEERKT_RKT0_
FNDA:0,_ZN7testing8internal33FormatForComparisonFailureMessageINSt7__cxx1112basic_stringIcSt11char_traitsIcESaIcEEES7_EES7_RKT_RKT0_
FNDA:0,_ZN7testing8internal33FormatForComparisonFailureMessageIbbEENSt7__cxx1112basic_stringIcSt11char_traitsIcESaIcEEERKT_RKT0_
FNDA:0,_ZN7testing8internal33FormatForComparisonFailureMessageIbiEENSt7__cxx1112basic_stringIcSt11char_traitsIcESaIcEEERKT_RKT0_
FNDA:0,_ZN7testing8internal33FormatForComparisonFailureMessageIbjEENSt7__cxx1112basic_stringIcSt11char_traitsIcESaIcEEERKT_RKT0_
FNDA:0,_ZN7testing8internal33FormatForComparisonFailureMessageIhmEENSt7__cxx1112basic_stringIcSt11char_traitsIcESaIcEEERKT_RKT0_
FNDA:0,_ZN7testing8internal33FormatForComparisonFailureMessageIibEENSt7__cxx1112basic_stringIcSt11char_traitsIcESaIcEEERKT_RKT0_
FNDA:0,_ZN7testing8internal33FormatForComparisonFailureMessageIimEENSt7__cxx1112basic_stringIcSt11char_traitsIcESaIcEEERKT_RKT0_
FNDA:0,_ZN7testing8internal33FormatForComparisonFailureMessageIjbEENSt7__cxx1112basic_stringIcSt11char_traitsIcESaIcEEERKT_RKT0_
FNDA:0,_ZN7testing8internal33FormatForComparisonFailureMessageImhEENSt7__cxx1112basic_stringIcSt11char_traitsIcESaIcEEERKT_RKT0_
FNDA:0,_ZN7testing8internal33FormatForComparisonFailureMessageImiEENSt7__cxx1112basic_stringIcSt11char_traitsIcESaIcEEERKT_RKT0_
FNDA:0,_ZN7testing8internal33FormatForComparisonFailureMessageImmEENSt7__cxx1112basic_stringIcSt11char_traitsIcESaIcEEERKT_RKT0_
FNDA:0,_ZN7testing8internal7PrintToIN7huffman4impl12bit_sequenceEEEvRKT_PSo
FNDA:0,_ZN7testing8internal7PrintToIiEEvRKT_PSo
FNDA:0,_ZN7testing8internal7PrintToIjEEvRKT_PSo
FNDA:0,_ZN7testing8internal7PrintToImEEvRKT_PSo
FNDA:0,_ZN7testing8internal7PrintToEbPSo
FNDA:0,_ZN7testing8internal7PrintToERKNSt7__cxx1112basic_stringIcSt11char_traitsIcESaIcEEEPSo
FNDA:0,_ZN7testing8internal16UniversalPrinterIN7huffman4impl12bit_sequenceEE5PrintERKS4_PSo
FNDA:0,_ZN7testing8internal16UniversalPrinterINSt7__cxx1112basic_stringIcSt11char_traitsIcESaIcEEEE5PrintERKS7_PSo
FNDA:0,_ZN7testing8internal16UniversalPrinterIbE5PrintERKbPSo
FNDA:0,_ZN7testing8internal16UniversalPrinterIhE5PrintERKhPSo
FNDA:0,_ZN7testing8internal16UniversalPrinterIiE5PrintERKiPSo
FNDA:0,_ZN7testing8internal16UniversalPrinterIjE5PrintERKjPSo
FNDA:0,_ZN7testing8internal16UniversalPrinterImE5PrintERKmPSo
FNDA:0,_ZN7testing8internal21UniversalTersePrinterIN7huffman4impl12bit_sequenceEE5PrintERKS4_PSo
FNDA:0,_ZN7testing8internal21UniversalTersePrinterINSt7__cxx1112basic_stringIcSt11char_traitsIcESaIcEEEE5PrintERKS7_PSo
FNDA:0,_ZN7testing8internal21UniversalTersePrinterIbE5PrintERKbPSo
FNDA:0,_ZN7testing8internal21UniversalTersePrinterIhE5PrintERKhPSo
FNDA:0,_ZN7testing8internal21UniversalTersePrinterIiE5PrintERKiPSo
FNDA:0,_ZN7testing8internal21UniversalTersePrinterIjE5PrintERKjPSo
FNDA:0,_ZN7testing8internal21UniversalTersePrinterImE5PrintERKmPSo
FNF:66
FNH:0
DA:214,0
DA:217,0
DA:218,0
DA:269,0
DA:270,0
DA:273,0
DA:275,0
DA:306,0
DA:312,0
DA:313,0
DA:333,0
DA:334,0
DA:413,0
DA:415,0
DA:440,0
DA:441,0
DA:442,0
DA:459,0
DA:460,0
DA:461,0
DA:630,0
DA:631,0
DA:632,0
DA:769,0
DA:778,0
DA:779,0
DA:959,0
DA:960,0
DA:961,0
DA:1078,0
DA:1082,0
DA:1083,0
DA:1118,0
DA:1119,0
DA:1120,0
DA:1121,0
DA:1122,0
LF:37
LH:0
end_of_record
TN:
SF:/home/spyteamalex/Documents/ITMO/ITMO-Code-2-Sem/CPP/huffman-spyteamalex/cmake-build-Debug/vcpkg_installed/x64-linux/include/gtest/gtest.h
FN:1354,1360,_ZN7testing8internal18CmpHelperEQFailureIN7huffman4impl12bit_sequenceES4_EENS_15AssertionResultEPKcS7_RKT_RKT0_
FN:1354,1360,_ZN7testing8internal18CmpHelperEQFailureINSt7__cxx1112basic_stringIcSt11char_traitsIcESaIcEEES7_EENS_15AssertionResultEPKcSA_RKT_RKT0_
FN:1354,1360,_ZN7testing8internal18CmpHelperEQFailureIbbEENS_15AssertionResultEPKcS4_RKT_RKT0_
FN:1354,1360,_ZN7testing8internal18CmpHelperEQFailureIbiEENS_15AssertionResultEPKcS4_RKT_RKT0_
FN:1354,1360,_ZN7testing8internal18CmpHelperEQFailureIhmEENS_15AssertionResultEPKcS4_RKT_RKT0_
FN:1354,1360,_ZN7testing8internal18CmpHelperEQFailureIimEENS_15AssertionResultEPKcS4_RKT_RKT0_
FN:1354,1360,_ZN7testing8internal18CmpHelperEQFailureIjbEENS_15AssertionResultEPKcS4_RKT_RKT0_
FN:1354,1360,_ZN7testing8internal18CmpHelperEQFailureImiEENS_15AssertionResultEPKcS4_RKT_RKT0_
FN:1354,1360,_ZN7testing8internal18CmpHelperEQFailureImmEENS_15AssertionResultEPKcS4_RKT_RKT0_
FN:1371,1379,_ZN7testing8internal11CmpHelperEQIN7huffman4impl12bit_sequenceES4_EENS_15AssertionResultEPKcS7_RKT_RKT0_
FN:1371,1379,_ZN7testing8internal11CmpHelperEQINSt7__cxx1112basic_stringIcSt11char_traitsIcESaIcEEES7_EENS_15AssertionResultEPKcSA_RKT_RKT0_
FN:1371,1379,_ZN7testing8internal11CmpHelperEQIbbEENS_15AssertionResultEPKcS4_RKT_RKT0_
FN:1371,1379,_ZN7testing8internal11CmpHelperEQIbiEENS_15AssertionResultEPKcS4_RKT_RKT0_
FN:1371,1379,_ZN7testing8internal11CmpHelperEQIhmEENS_15AssertionResultEPKcS4_RKT_RKT0_
FN:1371,1379,_ZN7testing8internal11CmpHelperEQIimEENS_15AssertionResultEPKcS4_RKT_RKT0_
FN:1371,1379,_ZN7testing8internal11CmpHelperEQIjbEENS_15AssertionResultEPKcS4_RKT_RKT0_
FN:1371,1379,_ZN7testing8internal11CmpHelperEQImiEENS_15AssertionResultEPKcS4_RKT_RKT0_
FN:1371,1379,_ZN7testing8internal11CmpHelperEQImmEENS_15AssertionResultEPKcS4_RKT_RKT0_
FN:1390,1394,_ZN7testing8internal8EqHelper7CompareIN7huffman4impl12bit_sequenceES5_LPv0EEENS_15AssertionResultEPKcS9_RKT_RKT0_
FN:1390,1394,_ZN7testing8internal8EqHelper7CompareINSt7__cxx1112basic_stringIcSt11char_traitsIcESaIcEEES8_LPv0EEENS_15AssertionResultEPKcSC_RKT_RKT0_
FN:1390,1394,_ZN7testing8internal8EqHelper7CompareIbbLPv0EEENS_15AssertionResultEPKcS6_RKT_RKT0_
FN:1390,1394,_ZN7testing8internal8EqHelper7CompareIbiLPv0EEENS_15AssertionResultEPKcS6_RKT_RKT0_
FN:1390,1394,_ZN7testing8internal8EqHelper7CompareIhmLPv0EEENS_15AssertionResultEPKcS6_RKT_RKT0_
FN:1390,1394,_ZN7testing8internal8EqHelper7CompareIimLPv0EEENS_15AssertionResultEPKcS6_RKT_RKT0_
FN:1390,1394,_ZN7testing8internal8EqHelper7CompareIjbLPv0EEENS_15AssertionResultEPKcS6_RKT_RKT0_
FN:1390,1394,_ZN7testing8internal8EqHelper7CompareImiLPv0EEENS_15AssertionResultEPKcS6_RKT_RKT0_
FN:1390,1394,_ZN7testing8internal8EqHelper7CompareImmLPv0EEENS_15AssertionResultEPKcS6_RKT_RKT0_
FN:260,260,_ZN7testing4Test14SetUpTestSuiteEv
FN:268,268,_ZN7testing4Test17TearDownTestSuiteEv
FN:273,273,_ZN7testing4Test16TearDownTestCaseEv
FN:274,274,_ZN7testing4Test13SetUpTestCaseEv
FN:355,355,_ZN7testing4Test5SetupEv
FNDA:0,_ZN7testing8internal18CmpHelperEQFailureIN7huffman4impl12bit_sequenceES4_EENS_15AssertionResultEPKcS7_RKT_RKT0_
FNDA:0,_ZN7testing8internal18CmpHelperEQFailureINSt7__cxx1112basic_stringIcSt11char_traitsIcESaIcEEES7_EENS_15AssertionResultEPKcSA_RKT_RKT0_
FNDA:0,_ZN7testing8internal18CmpHelperEQFailureIbbEENS_15AssertionResultEPKcS4_RKT_RKT0_
FNDA:0,_ZN7testing8internal18CmpHelperEQFailureIbiEENS_15AssertionResultEPKcS4_RKT_RKT0_
FNDA:0,_ZN7testing8internal18CmpHelperEQFailureIhmEENS_15AssertionResultEPKcS4_RKT_RKT0_
FNDA:0,_ZN7testing8internal18CmpHelperEQFailureIimEENS_15AssertionResultEPKcS4_RKT_RKT0_
FNDA:0,_ZN7testing8internal18CmpHelperEQFailureIjbEENS_15AssertionResultEPKcS4_RKT_RKT0_
FNDA:0,_ZN7testing8internal18CmpHelperEQFailureImiEENS_15AssertionResultEPKcS4_RKT_RKT0_
FNDA:0,_ZN7testing8internal18CmpHelperEQFailureImmEENS_15AssertionResultEPKcS4_RKT_RKT0_
FNDA:4,_ZN7testing8internal11CmpHelperEQIN7huffman4impl12bit_sequenceES4_EENS_15AssertionResultEPKcS7_RKT_RKT0_
FNDA:12,_ZN7testing8internal11CmpHelperEQINSt7__cxx1112basic_stringIcSt11char_traitsIcESaIcEEES7_EENS_15AssertionResultEPKcSA_RKT_RKT0_
FNDA:113086,_ZN7testing8internal11CmpHelperEQIbbEENS_15AssertionResultEPKcS4_RKT_RKT0_
FNDA:160150,_ZN7testing8internal11CmpHelperEQIbiEENS_15AssertionResultEPKcS4_RKT_RKT0_
FNDA:527,_ZN7testing8internal11CmpHelperEQIhmEENS_15AssertionResultEPKcS4_RKT_RKT0_
FNDA:1000,_ZN7testing8internal11CmpHelperEQIimEENS_15AssertionResultEPKcS4_RKT_RKT0_
FNDA:32032,_ZN7testing8internal11CmpHelperEQIjbEENS_15AssertionResultEPKcS4_RKT_RKT0_
FNDA:267,_ZN7testing8internal11CmpHelperEQImiEENS_15AssertionResultEPKcS4_RKT_RKT0_
FNDA:3271,_ZN7testing8internal11CmpHelperEQImmEENS_15AssertionResultEPKcS4_RKT_RKT0_
FNDA:4,_ZN7testing8internal8EqHelper7CompareIN7huffman4impl12bit_sequenceES5_LPv0EEENS_15AssertionResultEPKcS9_RKT_RKT0_
FNDA:12,_ZN7testing8internal8EqHelper7CompareINSt7__cxx1112basic_stringIcSt11char_traitsIcESaIcEEES8_LPv0EEENS_15AssertionResultEPKcSC_RKT_RKT0_
FNDA:113086,_ZN7testing8internal8EqHelper7CompareIbbLPv0EEENS_15AssertionResultEPKcS6_RKT_RKT0_
FNDA:160150,_ZN7testing8internal8EqHelper7CompareIbiLPv0EEENS_15AssertionResultEPKcS6_RKT_RKT0_
FNDA:527,_ZN7testing8internal8EqHelper7CompareIhmLPv0EEENS_15AssertionResultEPKcS6_RKT_RKT0_
FNDA:1000,_ZN7testing8internal8EqHelper7CompareIimLPv0EEENS_15AssertionResultEPKcS6_RKT_RKT0_
FNDA:32032,_ZN7testing8internal8EqHelper7CompareIjbLPv0EEENS_15AssertionResultEPKcS6_RKT_RKT0_
FNDA:267,_ZN7testing8internal8EqHelper7CompareImiLPv0EEENS_15AssertionResultEPKcS6_RKT_RKT0_
FNDA:3271,_ZN7testing8internal8EqHelper7CompareImmLPv0EEENS_15AssertionResultEPKcS6_RKT_RKT0_
FNDA:0,_ZN7testing4Test14SetUpTestSuiteEv
FNDA:0,_ZN7testing4Test17TearDownTestSuiteEv
FNDA:0,_ZN7testing4Test16TearDownTestCaseEv
FNDA:0,_ZN7testing4Test13SetUpTestCaseEv
FNDA:0,_ZN7testing4Test5SetupEv
FNF:32
FNH:18
DA:260,0
DA:268,0
DA:273,0
DA:274,0
DA:355,0
DA:1354,0
DA:1359,0
DA:1371,310349
DA:1374,310349
DA:1375,310349
DA:1378,0
DA:1390,310349
DA:1393,310349
LF:13
LH:5
end_of_record
TN:
SF:/home/spyteamalex/Documents/ITMO/ITMO-Code-2-Sem/CPP/huffman-spyteamalex/cmake-build-Debug/vcpkg_installed/x64-linux/include/gtest/internal/gtest-internal.h
FN:452,452,_ZN7testing8internal15TestFactoryBaseD0Ev
FN:452,452,_ZN7testing8internal15TestFactoryBaseD2Ev
FN:459,459,_ZN7testing8internal15TestFactoryBaseC2Ev
FN:471,471,_ZN7testing8internal15TestFactoryImplI16bit_seq_inc_TestE10CreateTestEv
FN:471,471,_ZN7testing8internal15TestFactoryImplI18bit_seq_empty_TestE10CreateTestEv
FN:471,471,_ZN7testing8internal15TestFactoryImplI19bit_seq_extend_TestE10CreateTestEv
FN:471,471,_ZN7testing8internal15TestFactoryImplI21bit_seq_equality_TestE10CreateTestEv
FN:471,471,_ZN7testing8internal15TestFactoryImplI22bit_seq_inc_empty_TestE10CreateTestEv
FN:471,471,_ZN7testing8internal15TestFactoryImplI24bit_seq_cut_to_tail_TestE10CreateTestEv
FN:471,471,_ZN7testing8internal15TestFactoryImplI25bit_seq_extend_emply_TestE10CreateTestEv
FN:471,471,_ZN7testing8internal15TestFactoryImplI25utils_correct_format_TestE10CreateTestEv
FN:471,471,_ZN7testing8internal15TestFactoryImplI26bit_seq_extend_emply2_TestE10CreateTestEv
FN:471,471,_ZN7testing8internal15TestFactoryImplI27utils_incorrect_format_TestE10CreateTestEv
FN:471,471,_ZN7testing8internal15TestFactoryImplI28bit_seq_int_constructor_TestE10CreateTestEv
FN:471,471,_ZN7testing8internal15TestFactoryImplI28utils_canonical_huffman_TestE10CreateTestEv
FN:471,471,_ZN7testing8internal15TestFactoryImplI28utils_encoding_decoding_TestE10CreateTestEv
FN:471,471,_ZN7testing8internal15TestFactoryImplI29bit_seq_bool_constructor_TestE10CreateTestEv
FN:471,471,_ZN7testing8internal15TestFactoryImplI32bit_seq_addition_assignment_TestE10CreateTestEv
FN:471,471,_ZN7testing8internal15TestFactoryImplI33bit_seq_addition_assignment2_TestE10CreateTestEv
FN:471,471,_ZN7testing8internal15TestFactoryImplI33utils_histogram_stringstream_TestE10CreateTestEv
FN:471,471,_ZN7testing8internal15TestFactoryImplI34utils_incorrect_encoding_book_TestE10CreateTestEv
FN:471,471,_ZN7testing8internal15TestFactoryImplI38utils_encoding_book_decoding_book_TestE10CreateTestEv
FN:471,471,_ZN7testing8internal15TestFactoryImplI38utils_encoding_book_exp_frequency_TestE10CreateTestEv
FN:471,471,_ZN7testing8internal15TestFactoryImplI40utils_encoding_book_equal_frequency_TestE10CreateTestEv
FN:492,493,_ZN7testing8internal12CodeLocationC2ERKNSt7__cxx1112basic_stringIcSt11char_traitsIcESaIcEEEi
FN:505,508,_ZN7testing8internal19GetNotDefaultOrNullEPFvvES2_
FN:520,539,_ZN7testing8internal16SuiteApiResolverINS_4TestEE19GetSetUpCaseOrSuiteEPKci
FN:541,560,_ZN7testing8internal16SuiteApiResolverINS_4TestEE22GetTearDownCaseOrSuiteEPKci
FN:857,857,_ZN7testing8internal14TrueWithStringC2Ev
FN:860,860,_ZNK7testing8internal14TrueWithStringcvbEv
FNDA:0,_ZN7testing8internal15TestFactoryBaseD0Ev
FNDA:21,_ZN7testing8internal15TestFactoryBaseD2Ev
FNDA:21,_ZN7testing8internal15TestFactoryBaseC2Ev
FNDA:1,_ZN7testing8internal15TestFactoryImplI16bit_seq_inc_TestE10CreateTestEv
FNDA:1,_ZN7testing8internal15TestFactoryImplI18bit_seq_empty_TestE10CreateTestEv
FNDA:1,_ZN7testing8internal15TestFactoryImplI19bit_seq_extend_TestE10CreateTestEv
FNDA:1,_ZN7testing8internal15TestFactoryImplI21bit_seq_equality_TestE10CreateTestEv
FNDA:1,_ZN7testing8internal15TestFactoryImplI22bit_seq_inc_empty_TestE10CreateTestEv
FNDA:1,_ZN7testing8internal15TestFactoryImplI24bit_seq_cut_to_tail_TestE10CreateTestEv
FNDA:1,_ZN7testing8internal15TestFactoryImplI25bit_seq_extend_emply_TestE10CreateTestEv
FNDA:1,_ZN7testing8internal15TestFactoryImplI25utils_correct_format_TestE10CreateTestEv
FNDA:1,_ZN7testing8internal15TestFactoryImplI26bit_seq_extend_emply2_TestE10CreateTestEv
FNDA:1,_ZN7testing8internal15TestFactoryImplI27utils_incorrect_format_TestE10CreateTestEv
FNDA:1,_ZN7testing8internal15TestFactoryImplI28bit_seq_int_constructor_TestE10CreateTestEv
FNDA:1,_ZN7testing8internal15TestFactoryImplI28utils_canonical_huffman_TestE10CreateTestEv
FNDA:1,_ZN7testing8internal15TestFactoryImplI28utils_encoding_decoding_TestE10CreateTestEv
FNDA:1,_ZN7testing8internal15TestFactoryImplI29bit_seq_bool_constructor_TestE10CreateTestEv
FNDA:1,_ZN7testing8internal15TestFactoryImplI32bit_seq_addition_assignment_TestE10CreateTestEv
FNDA:1,_ZN7testing8internal15TestFactoryImplI33bit_seq_addition_assignment2_TestE10CreateTestEv
FNDA:1,_ZN7testing8internal15TestFactoryImplI33utils_histogram_stringstream_TestE10CreateTestEv
FNDA:1,_ZN7testing8internal15TestFactoryImplI34utils_incorrect_encoding_book_TestE10CreateTestEv
FNDA:1,_ZN7testing8internal15TestFactoryImplI38utils_encoding_book_decoding_book_TestE10CreateTestEv
FNDA:1,_ZN7testing8internal15TestFactoryImplI38utils_encoding_book_exp_frequency_TestE10CreateTestEv
FNDA:1,_ZN7testing8internal15TestFactoryImplI40utils_encoding_book_equal_frequency_TestE10CreateTestEv
FNDA:21,_ZN7testing8internal12CodeLocationC2ERKNSt7__cxx1112basic_stringIcSt11char_traitsIcESaIcEEEi
FNDA:84,_ZN7testing8internal19GetNotDefaultOrNullEPFvvES2_
FNDA:21,_ZN7testing8internal16SuiteApiResolverINS_4TestEE19GetSetUpCaseOrSuiteEPKci
FNDA:21,_ZN7testing8internal16SuiteApiResolverINS_4TestEE22GetTearDownCaseOrSuiteEPKci
FNDA:14,_ZN7testing8internal14TrueWithStringC2Ev
FNDA:14,_ZNK7testing8internal14TrueWithStringcvbEv
FNF:30
FNH:29
DA:452,21
DA:459,21
DA:471,21
DA:492,21
DA:493,21
DA:505,84
DA:507,84
DA:520,21
DA:524,21
DA:526,21
DA:528,21
DA:531,0
DA:533,21
DA:541,21
DA:545,21
DA:547,21
DA:549,21
DA:552,0
DA:554,21
DA:857,14
DA:860,14
LF:21
LH:19
end_of_record
TN:
SF:/home/spyteamalex/Documents/ITMO/ITMO-Code-2-Sem/CPP/huffman-spyteamalex/cmake-build-Debug/vcpkg_installed/x64-linux/include/gtest/internal/gtest-port.h
FN:989,989,_ZN7testing8internal8GTestLog9GetStreamEv
FNDA:0,_ZN7testing8internal8GTestLog9GetStreamEv
FNF:1
FNH:0
DA:989,0
LF:1
LH:0
end_of_record
TN:
SF:/home/spyteamalex/Documents/ITMO/ITMO-Code-2-Sem/CPP/huffman-spyteamalex/cmake-build-Debug/vcpkg_installed/x64-linux/include/gtest/internal/gtest-type-util.h
FN:61,71,_ZN7testing8internal31CanonicalizeForStdLibVersioningENSt7__cxx1112basic_stringIcSt11char_traitsIcESaIcEEE
FN:75,91,_ZN7testing8internal11GetTypeNameB5cxx11ERKSt9type_info
FNDA:0,_ZN7testing8internal31CanonicalizeForStdLibVersioningENSt7__cxx1112basic_stringIcSt11char_traitsIcESaIcEEE
FNDA:0,_ZN7testing8internal11GetTypeNameB5cxx11ERKSt9type_info
FNF:2
FNH:0
DA:61,0
DA:63,0
DA:64,0
DA:65,0
DA:67,0
DA:70,0
DA:75,0
DA:76,0
DA:78,0
DA:84,0
DA:85,0
DA:86,0
DA:87,0
DA:91,0
LF:14
LH:0
end_of_record
TN:
SF:/home/spyteamalex/Documents/ITMO/ITMO-Code-2-Sem/CPP/huffman-spyteamalex/huffman-lib/bit_sequence.cpp
FN:17,19,_ZNK7huffman4impl12bit_sequence4sizeEv
FN:21,23,_ZL7get_bithm
FN:25,28,_ZNK7huffman4impl12bit_sequenceixEm
FN:30,32,_ZNK7huffman4impl12bit_sequence8raw_dataEv
FN:34,47,_ZN7huffman4impl12bit_sequenceoRERKS1_
FN:49,54,_ZN7huffman4implorERKNS0_12bit_sequenceES3_
FN:5,5,_ZN7huffman4impl12bit_sequenceC2Ev
FN:56,59,_ZN7huffman4implneERKNS0_12bit_sequenceES3_
FN:61,64,_ZN7huffman4impleqERKNS0_12bit_sequenceES3_
FN:66,70,_ZN7huffman4impl12bit_sequence6extendEm
FN:7,7,_ZN7huffman4impl12bit_sequenceC2Eb
FN:72,81,_ZN7huffman4impl12bit_sequenceppEv
FN:83,85,_ZNK7huffman4impl12bit_sequence5emptyEv
FN:87,90,_ZN7huffman4impl12bit_sequence11cut_to_tailEv
FN:9,15,_ZN7huffman4impl12bit_sequenceC2Emm
FNDA:469082,_ZNK7huffman4impl12bit_sequence4sizeEv
FNDA:778442,_ZL7get_bithm
FNDA:778442,_ZNK7huffman4impl12bit_sequenceixEm
FNDA:109015,_ZNK7huffman4impl12bit_sequence8raw_dataEv
FNDA:100968,_ZN7huffman4impl12bit_sequenceoRERKS1_
FNDA:1000,_ZN7huffman4implorERKNS0_12bit_sequenceES3_
FNDA:9999,_ZN7huffman4impl12bit_sequenceC2Ev
FNDA:2000,_ZN7huffman4implneERKNS0_12bit_sequenceES3_
FNDA:4004,_ZN7huffman4impleqERKNS0_12bit_sequenceES3_
FNDA:6683,_ZN7huffman4impl12bit_sequence6extendEm
FNDA:32002,_ZN7huffman4impl12bit_sequenceC2Eb
FNDA:6682,_ZN7huffman4impl12bit_sequenceppEv
FNDA:12584,_ZNK7huffman4impl12bit_sequence5emptyEv
FNDA:1037,_ZN7huffman4impl12bit_sequence11cut_to_tailEv
FNDA:41016,_ZN7huffman4impl12bit_sequenceC2Emm
FNF:15
FNH:15
DA:5,9999
DA:7,32002
DA:9,41016
DA:10,41016
DA:11,95907
DA:12,54891
DA:13,54891
DA:15,41016
DA:17,469082
DA:18,469082
DA:21,778442
DA:22,778442
DA:25,778442
DA:26,778442
DA:27,778442
DA:30,109015
DA:31,109015
DA:34,100968
DA:35,100968
DA:36,27852
DA:38,207959
DA:39,106991
DA:40,106991
DA:42,100968
DA:43,100968
DA:44,86566
DA:46,100968
DA:49,1000
DA:51,1000
DA:52,1000
DA:53,1000
DA:54,0
DA:56,2000
DA:58,2000
DA:61,4004
DA:63,4004
DA:66,6683
DA:67,6683
DA:68,6683
DA:69,6683
DA:70,6683
DA:72,6682
DA:73,6682
DA:74,4116
DA:75,4116
DA:76,4220
DA:77,104
DA:80,6682
DA:83,12584
DA:84,12584
DA:87,1037
DA:88,1037
DA:89,1037
DA:90,1037
LF:54
LH:53
end_of_record
TN:
SF:/home/spyteamalex/Documents/ITMO/ITMO-Code-2-Sem/CPP/huffman-spyteamalex/huffman-lib/bit_sequence.h
FN:24,24,_ZN7huffman4impl12bit_sequenceC2IjEET_
FN:32,33,_ZN7huffman4impl12bit_sequenceC2IPcEET_S4_
FNDA:2001,_ZN7huffman4impl12bit_sequenceC2IjEET_
FNDA:51,_ZN7huffman4impl12bit_sequenceC2IPcEET_S4_
FNF:2
FNH:2
DA:24,2001
DA:32,102
DA:33,51
LF:3
LH:3
end_of_record
TN:
SF:/home/spyteamalex/Documents/ITMO/ITMO-Code-2-Sem/CPP/huffman-spyteamalex/huffman-lib/decoding_book.cpp
FN:101,101,_ZN7huffman4impl4leafC2Eh
FN:103,106,_ZN7huffman4impl6parentC2EOSt10unique_ptrINS0_4nodeESt14default_deleteIS3_EES7_
FN:108,109,_ZN7huffman4impl6parentC2ERSt10unique_ptrINS0_4nodeESt14default_deleteIS3_EES7_
FN:28,46,_ZL9make_pathRSt10unique_ptrIN7huffman4impl4nodeESt14default_deleteIS2_EERKNS1_12bit_sequenceE
FN:48,57,_ZL14expect_correctRKSt10unique_ptrIN7huffman4impl4nodeESt14default_deleteIS2_EE
FN:59,70,_ZL18handle_single_nodeRSt10unique_ptrIN7huffman4impl4nodeESt14default_deleteIS2_EE
FN:7,26,_ZN7huffman4impl13decoding_book8iteratorclEb
FN:72,91,_ZN7huffman4impl13decoding_bookC2ERKSt5arrayINS0_12bit_sequenceELm256EE
FN:93,95,_ZNK7huffman4impl13decoding_book4iterEv
FN:97,99,_ZNK7huffman4impl13decoding_book8iterator7in_rootEv
FNDA:3419,_ZN7huffman4impl4leafC2Eh
FNDA:5490,_ZN7huffman4impl6parentC2EOSt10unique_ptrINS0_4nodeESt14default_deleteIS3_EES7_
FNDA:1318,_ZN7huffman4impl6parentC2ERSt10unique_ptrINS0_4nodeESt14default_deleteIS3_EES7_
FNDA:2094,_ZL9make_pathRSt10unique_ptrIN7huffman4impl4nodeESt14default_deleteIS2_EERKNS1_12bit_sequenceE
FNDA:4157,_ZL14expect_correctRKSt10unique_ptrIN7huffman4impl4nodeESt14default_deleteIS2_EE
FNDA:23,_ZL18handle_single_nodeRSt10unique_ptrIN7huffman4impl4nodeESt14default_deleteIS2_EE
FNDA:343222,_ZN7huffman4impl13decoding_book8iteratorclEb
FNDA:27,_ZN7huffman4impl13decoding_bookC2ERKSt5arrayINS0_12bit_sequenceELm256EE
FNDA:20,_ZNK7huffman4impl13decoding_book4iterEv
FNDA:13,_ZNK7huffman4impl13decoding_book8iterator7in_rootEv
FNF:10
FNH:10
DA:7,343222
DA:8,343222
DA:9,1
DA:11,343221
DA:12,13
DA:14,1
DA:16,12
DA:18,343208
DA:19,343208
DA:20,343208
DA:21,68495
DA:22,68495
DA:23,68495
DA:25,274713
DA:28,2094
DA:30,2094
DA:31,22
DA:33,2094
DA:34,18960
DA:35,16867
DA:36,1
DA:38,25750
DA:39,25750
DA:40,16866
DA:41,4150
DA:43,16866
DA:45,2093
DA:48,4157
DA:49,4157
DA:50,2069
DA:51,2069
DA:52,2
DA:54,2067
DA:55,2067
DA:57,4154
DA:59,23
DA:60,23
DA:61,18
DA:62,18
DA:63,7
DA:64,6
DA:65,1
DA:66,0
DA:70,23
DA:72,27
DA:73,5920
DA:74,5897
DA:75,5897
DA:76,3803
DA:78,2094
DA:79,2093
DA:80,2
DA:82,2091
DA:83,2091
DA:84,1
DA:87,2090
DA:89,23
DA:90,23
DA:91,27
DA:93,20
DA:94,20
DA:97,13
DA:98,13
DA:101,3419
DA:103,5490
DA:104,5490
DA:105,5490
DA:106,10980
DA:108,1318
DA:109,1318
LF:70
LH:69
end_of_record
TN:
SF:/home/spyteamalex/Documents/ITMO/ITMO-Code-2-Sem/CPP/huffman-spyteamalex/huffman-lib/decoding_book.h
FN:25,27,_ZNK7huffman4impl6parent7is_leafEv
FN:36,38,_ZNK7huffman4impl4leaf7is_leafEv
FN:49,49,_ZN7huffman4impl13decoding_book8iteratorC2EPKNS0_4nodeE
FN:60,60,_ZN7huffman4impl13decoding_bookC2Ev
FNDA:640293,_ZNK7huffman4impl6parent7is_leafEv
FNDA:71929,_ZNK7huffman4impl4leaf7is_leafEv
FNDA:20,_ZN7huffman4impl13decoding_book8iteratorC2EPKNS0_4nodeE
FNDA:27,_ZN7huffman4impl13decoding_bookC2Ev
FNF:4
FNH:4
DA:25,640293
DA:26,640293
DA:36,71929
DA:37,71929
DA:49,20
DA:60,27
LF:6
LH:6
end_of_record
TN:
SF:/home/spyteamalex/Documents/ITMO/ITMO-Code-2-Sem/CPP/huffman-spyteamalex/huffman-lib/encoding_book.cpp
FN:10,10,_ZN4codeC2Ehh
FN:101,116,_ZN7huffman4impl11deserializeERSi
FN:16,18,_ZltRK4codeS1_
FN:22,30,_ZL18calc_codes_len_dfsRKSt10unique_ptrIN7huffman4impl4nodeESt14default_deleteIS2_EERSt3setI4codeSt4lessIS9_ESaIS9_EEh
FN:32,42,_ZL14calc_codes_lenRKSt10unique_ptrIN7huffman4impl4nodeESt14default_deleteIS2_EE
FN:45,45,_ZN13queue_elementC2ERKmOSt10unique_ptrIN7huffman4impl4nodeESt14default_deleteIS5_EE
FN:51,53,_ZgtRK13queue_elementS1_
FN:55,72,_ZL10build_treeRKSt5arrayImLm256EE
FN:74,83,_ZL19build_encoding_bookRKSt3setI4codeSt4lessIS0_ESaIS0_EE
FN:85,87,_ZN7huffman4impl19build_encoding_bookERKSt5arrayImLm256EE
FN:89,99,_ZN7huffman4impl9serializeERKSt5arrayINS0_12bit_sequenceELm256EERSo
FNDA:5681,_ZN4codeC2Ehh
FNDA:19,_ZN7huffman4impl11deserializeERSi
FNDA:67518,_ZltRK4codeS1_
FNDA:2645,_ZL18calc_codes_len_dfsRKSt10unique_ptrIN7huffman4impl4nodeESt14default_deleteIS2_EERSt3setI4codeSt4lessIS9_ESaIS9_EEh
FNDA:13,_ZL14calc_codes_lenRKSt10unique_ptrIN7huffman4impl4nodeESt14default_deleteIS2_EE
FNDA:2647,_ZN13queue_elementC2ERKmOSt10unique_ptrIN7huffman4impl4nodeESt14default_deleteIS5_EE
FNDA:20008,_ZgtRK13queue_elementS1_
FNDA:13,_ZL10build_treeRKSt5arrayImLm256EE
FNDA:30,_ZL19build_encoding_bookRKSt3setI4codeSt4lessIS0_ESaIS0_EE
FNDA:13,_ZN7huffman4impl19build_encoding_bookERKSt5arrayImLm256EE
FNDA:5,_ZN7huffman4impl9serializeERKSt5arrayINS0_12bit_sequenceELm256EERSo
FNF:11
FNH:11
DA:10,5681
DA:16,67518
DA:17,67518
DA:22,2645
DA:23,2645
DA:24,1327
DA:26,1318
DA:27,1318
DA:28,1318
DA:30,2645
DA:32,13
DA:33,13
DA:34,13
DA:35,11
DA:36,2
DA:38,9
DA:41,13
DA:42,0
DA:45,2647
DA:51,20008
DA:52,20008
DA:55,13
DA:56,13
DA:57,13
DA:58,6682
DA:59,3328
DA:60,1999
DA:62,1329
DA:64,1331
DA:65,1318
DA:66,1318
DA:67,1318
DA:68,1318
DA:69,1318
DA:70,1318
DA:71,26
DA:72,13
DA:74,30
DA:75,30
DA:76,30
DA:77,5711
DA:78,5681
DA:79,5681
DA:80,5681
DA:82,60
DA:83,30
DA:85,13
DA:86,13
DA:89,5
DA:91,1285
DA:92,1280
DA:94,5
DA:95,5
DA:96,5
DA:97,0
DA:99,5
DA:101,19
DA:102,19
DA:104,19
DA:105,19
DA:106,2
DA:107,2
DA:108,0
DA:109,0
DA:112,4369
DA:113,4352
DA:115,34
DA:116,19
LF:68
LH:64
end_of_record
TN:
SF:/home/spyteamalex/Documents/ITMO/ITMO-Code-2-Sem/CPP/huffman-spyteamalex/huffman-lib/util.cpp
FN:10,26,_ZN7huffman4impl14calc_histogramERSi
FN:28,33,_ZL5flushRN7huffman4impl12bit_sequenceERSo
FN:35,41,_ZL16get_encoded_sizeRKSt5arrayImLm256EERKS_IN7huffman4impl12bit_sequenceELm256EE
FN:43,59,_ZL11encode_dataRSiRSoRKSt5arrayIN7huffman4impl12bit_sequenceELm256EE
FN:61,73,_ZN7huffman6encodeERSiRSo
FN:75,94,_ZL11decode_dataRSiRSoRN7huffman4impl13decoding_bookEc
FN:96,110,_ZN7huffman6decodeERSiRSo
FNDA:13,_ZN7huffman4impl14calc_histogramERSi
FNDA:38,_ZL5flushRN7huffman4impl12bit_sequenceERSo
FNDA:5,_ZL16get_encoded_sizeRKSt5arrayImLm256EERKS_IN7huffman4impl12bit_sequenceELm256EE
FNDA:5,_ZL11encode_dataRSiRSoRKSt5arrayIN7huffman4impl12bit_sequenceELm256EE
FNDA:5,_ZN7huffman6encodeERSiRSo
FNDA:15,_ZL11decode_dataRSiRSoRN7huffman4impl13decoding_bookEc
FNDA:19,_ZN7huffman6decodeERSiRSo
FNF:7
FNH:7
DA:10,13
DA:12,13
DA:15,205
DA:16,204108
DA:17,203903
DA:19,205
DA:20,13
DA:21,0
DA:23,13
DA:24,13
DA:25,26
DA:28,38
DA:29,38
DA:30,37
DA:31,37
DA:33,38
DA:35,5
DA:36,5
DA:37,1285
DA:38,1280
DA:40,5
DA:43,5
DA:44,5
DA:47,69
DA:48,68037
DA:49,67968
DA:51,69
DA:52,33
DA:54,69
DA:55,5
DA:56,5
DA:57,2
DA:59,5
DA:61,5
DA:62,5
DA:63,5
DA:64,5
DA:65,5
DA:66,5
DA:67,5
DA:68,0
DA:70,5
DA:71,0
DA:73,5
DA:75,15
DA:77,15
DA:78,15
DA:79,64
DA:80,51
DA:81,51
DA:82,51
DA:83,338944
DA:84,338895
DA:85,338893
DA:86,67980
DA:89,51
DA:90,13
DA:91,1
DA:93,12
DA:94,12
DA:96,19
DA:97,19
DA:98,17
DA:100,16
DA:101,16
DA:102,16
DA:104,1
DA:106,15
DA:107,12
DA:108,0
DA:110,21
LF:71
LH:67
end_of_record
TN:
SF:/home/spyteamalex/Documents/ITMO/ITMO-Code-2-Sem/CPP/huffman-spyteamalex/unit-tests/dataset.cpp
FN:148,180,_ZN7dataset32generate_incorrect_encoding_bookEv
FN:18,27,_ZN7dataset8exp_freqB5cxx11Ev
FN:29,38,_ZN7dataset11linear_freqB5cxx11Ev
FN:40,48,_ZN7dataset23generate_data_to_encodeB5cxx11Ev
FN:51,55,_Z3addIcEvRSoT_m
FN:57,96,_ZN7dataset33generate_incorrect_data_to_decodeB5cxx11Ev
FN:7,16,_ZN7dataset10equal_freqB5cxx11Ev
FN:98,146,_ZN7dataset31generate_correct_data_to_decodeB5cxx11Ev
FNDA:1,_ZN7dataset32generate_incorrect_encoding_bookEv
FNDA:3,_ZN7dataset8exp_freqB5cxx11Ev
FNDA:3,_ZN7dataset11linear_freqB5cxx11Ev
FNDA:2,_ZN7dataset23generate_data_to_encodeB5cxx11Ev
FNDA:13,_Z3addIcEvRSoT_m
FNDA:1,_ZN7dataset33generate_incorrect_data_to_decodeB5cxx11Ev
FNDA:3,_ZN7dataset10equal_freqB5cxx11Ev
FNDA:1,_ZN7dataset31generate_correct_data_to_decodeB5cxx11Ev
FNF:8
FNH:8
DA:7,3
DA:8,3
DA:9,3
DA:10,771
DA:11,8448
DA:12,7680
DA:15,3
DA:16,0
DA:18,3
DA:19,3
DA:20,3
DA:21,48
DA:22,98346
DA:23,98301
DA:26,3
DA:27,0
DA:29,3
DA:30,3
DA:31,3
DA:32,771
DA:33,98688
DA:34,97920
DA:37,3
DA:38,0
DA:40,2
DA:41,2
DA:42,4
DA:43,2
DA:44,2
DA:45,2
DA:46,2
DA:47,2
DA:48,0
DA:51,13
DA:52,3331
DA:53,3318
DA:55,13
DA:57,1
DA:58,1
DA:59,1
DA:61,1
DA:62,1
DA:63,1
DA:64,1
DA:66,1
DA:67,1
DA:68,1
DA:69,1
DA:71,1
DA:72,1
DA:73,1
DA:74,1
DA:75,1
DA:77,1
DA:78,1
DA:79,1
DA:80,1
DA:81,1
DA:82,1
DA:84,1
DA:85,1
DA:86,1
DA:87,1
DA:88,1
DA:90,1
DA:91,1
DA:92,1
DA:93,1
DA:94,1
DA:95,1
DA:96,0
DA:98,1
DA:99,1
DA:101,1
DA:102,1
DA:103,1
DA:104,1
DA:105,1
DA:107,1
DA:108,1
DA:109,1
DA:110,1
DA:111,1
DA:112,1
DA:114,1
DA:115,1
DA:116,1
DA:117,1
DA:118,1
DA:119,1
DA:121,1
DA:122,1
DA:123,1
DA:124,1
DA:125,1
DA:126,1
DA:128,1
DA:129,1
DA:130,1
DA:131,1
DA:132,1
DA:134,1
DA:135,1
DA:136,1
DA:137,1
DA:138,1
DA:140,1
DA:141,1
DA:142,1
DA:143,1
DA:144,1
DA:145,1
DA:146,0
DA:148,1
DA:149,1
DA:151,1
DA:152,1
DA:153,1
DA:154,1
DA:155,1
DA:157,1
DA:158,1
DA:159,1
DA:160,1
DA:161,1
DA:163,1
DA:164,1
DA:165,1
DA:166,1
DA:167,1
DA:169,1
DA:170,1
DA:171,1
DA:172,1
DA:174,1
DA:175,1
DA:176,1
DA:177,1
DA:178,1
DA:179,1
DA:180,0
LF:141
LH:134
end_of_record
TN:
SF:/home/spyteamalex/Documents/ITMO/ITMO-Code-2-Sem/CPP/huffman-spyteamalex/unit-tests/tests.cpp
FN:101,101,_ZN19bit_seq_extend_Test8TestBodyEv
FN:101,101,_ZN19bit_seq_extend_TestC2Ev
FN:101,101,_ZN19bit_seq_extend_TestD0Ev
FN:101,101,_ZN19bit_seq_extend_TestD2Ev
FN:119,119,_ZN22bit_seq_inc_empty_Test8TestBodyEv
FN:119,119,_ZN22bit_seq_inc_empty_TestC2Ev
FN:119,119,_ZN22bit_seq_inc_empty_TestD0Ev
FN:119,119,_ZN22bit_seq_inc_empty_TestD2Ev
FN:126,126,_ZN16bit_seq_inc_Test8TestBodyEv
FN:126,126,_ZN16bit_seq_inc_TestC2Ev
FN:126,126,_ZN16bit_seq_inc_TestD0Ev
FN:126,126,_ZN16bit_seq_inc_TestD2Ev
FN:14,14,_ZN29bit_seq_bool_constructor_Test8TestBodyEv
FN:14,14,_ZN29bit_seq_bool_constructor_TestC2Ev
FN:14,14,_ZN29bit_seq_bool_constructor_TestD0Ev
FN:14,14,_ZN29bit_seq_bool_constructor_TestD2Ev
FN:144,144,_ZN24bit_seq_cut_to_tail_Test8TestBodyEv
FN:144,144,_ZN24bit_seq_cut_to_tail_TestC2Ev
FN:144,144,_ZN24bit_seq_cut_to_tail_TestD0Ev
FN:144,144,_ZN24bit_seq_cut_to_tail_TestD2Ev
FN:160,160,_ZN33utils_histogram_stringstream_Test8TestBodyEv
FN:160,160,_ZN33utils_histogram_stringstream_TestC2Ev
FN:160,160,_ZN33utils_histogram_stringstream_TestD0Ev
FN:160,160,_ZN33utils_histogram_stringstream_TestD2Ev
FN:171,171,_ZN40utils_encoding_book_equal_frequency_Test8TestBodyEv
FN:171,171,_ZN40utils_encoding_book_equal_frequency_TestC2Ev
FN:171,171,_ZN40utils_encoding_book_equal_frequency_TestD0Ev
FN:171,171,_ZN40utils_encoding_book_equal_frequency_TestD2Ev
FN:180,180,_ZN38utils_encoding_book_exp_frequency_Test8TestBodyEv
FN:180,180,_ZN38utils_encoding_book_exp_frequency_TestC2Ev
FN:180,180,_ZN38utils_encoding_book_exp_frequency_TestD0Ev
FN:180,180,_ZN38utils_encoding_book_exp_frequency_TestD2Ev
FN:190,190,_ZN25utils_correct_format_Test8TestBodyEv
FN:190,190,_ZN25utils_correct_format_TestC2Ev
FN:190,190,_ZN25utils_correct_format_TestD0Ev
FN:190,190,_ZN25utils_correct_format_TestD2Ev
FN:199,199,_ZN27utils_incorrect_format_Test8TestBodyEv
FN:199,199,_ZN27utils_incorrect_format_TestC2Ev
FN:199,199,_ZN27utils_incorrect_format_TestD0Ev
FN:199,199,_ZN27utils_incorrect_format_TestD2Ev
FN:207,207,_ZN38utils_encoding_book_decoding_book_Test8TestBodyEv
FN:207,207,_ZN38utils_encoding_book_decoding_book_TestC2Ev
FN:207,207,_ZN38utils_encoding_book_decoding_book_TestD0Ev
FN:207,207,_ZN38utils_encoding_book_decoding_book_TestD2Ev
FN:232,241,_ZN28utils_encoding_decoding_Test8TestBodyEv
FN:232,241,_ZN28utils_encoding_decoding_TestC2Ev
FN:232,241,_ZN28utils_encoding_decoding_TestD0Ev
FN:232,241,_ZN28utils_encoding_decoding_TestD2Ev
FN:24,24,_ZN28bit_seq_int_constructor_Test8TestBodyEv
FN:24,24,_ZN28bit_seq_int_constructor_TestC2Ev
FN:24,24,_ZN28bit_seq_int_constructor_TestD0Ev
FN:24,24,_ZN28bit_seq_int_constructor_TestD2Ev
FN:243,255,_ZN28utils_canonical_huffman_Test8TestBodyEv
FN:243,255,_ZN28utils_canonical_huffman_TestC2Ev
FN:243,255,_ZN28utils_canonical_huffman_TestD0Ev
FN:243,255,_ZN28utils_canonical_huffman_TestD2Ev
FN:257,257,_ZN34utils_incorrect_encoding_book_Test8TestBodyEv
FN:257,257,_ZN34utils_incorrect_encoding_book_TestC2Ev
FN:257,257,_ZN34utils_incorrect_encoding_book_TestD0Ev
FN:257,257,_ZN34utils_incorrect_encoding_book_TestD2Ev
FN:35,35,_ZN21bit_seq_equality_Test8TestBodyEv
FN:35,35,_ZN21bit_seq_equality_TestC2Ev
FN:35,35,_ZN21bit_seq_equality_TestD0Ev
FN:35,35,_ZN21bit_seq_equality_TestD2Ev
FN:51,65,_ZN32bit_seq_addition_assignment_Test8TestBodyEv
FN:51,65,_ZN32bit_seq_addition_assignment_TestC2Ev
FN:51,65,_ZN32bit_seq_addition_assignment_TestD0Ev
FN:51,65,_ZN32bit_seq_addition_assignment_TestD2Ev
FN:67,67,_ZN33bit_seq_addition_assignment2_Test8TestBodyEv
FN:67,67,_ZN33bit_seq_addition_assignment2_TestC2Ev
FN:67,67,_ZN33bit_seq_addition_assignment2_TestD0Ev
FN:67,67,_ZN33bit_seq_addition_assignment2_TestD2Ev
FN:84,84,_ZN25bit_seq_extend_emply_Test8TestBodyEv
FN:84,84,_ZN25bit_seq_extend_emply_TestC2Ev
FN:84,84,_ZN25bit_seq_extend_emply_TestD0Ev
FN:84,84,_ZN25bit_seq_extend_emply_TestD2Ev
FN:9,9,_ZN18bit_seq_empty_Test8TestBodyEv
FN:9,9,_ZN18bit_seq_empty_TestC2Ev
FN:9,9,_ZN18bit_seq_empty_TestD0Ev
FN:9,9,_ZN18bit_seq_empty_TestD2Ev
FN:91,91,_ZN26bit_seq_extend_emply2_Test8TestBodyEv
FN:91,91,_ZN26bit_seq_extend_emply2_TestC2Ev
FN:91,91,_ZN26bit_seq_extend_emply2_TestD0Ev
FN:91,91,_ZN26bit_seq_extend_emply2_TestD2Ev
FNDA:1,_ZN19bit_seq_extend_Test8TestBodyEv
FNDA:1,_ZN19bit_seq_extend_TestC2Ev
FNDA:1,_ZN19bit_seq_extend_TestD0Ev
FNDA:1,_ZN19bit_seq_extend_TestD2Ev
FNDA:1,_ZN22bit_seq_inc_empty_Test8TestBodyEv
FNDA:1,_ZN22bit_seq_inc_empty_TestC2Ev
FNDA:1,_ZN22bit_seq_inc_empty_TestD0Ev
FNDA:1,_ZN22bit_seq_inc_empty_TestD2Ev
FNDA:1,_ZN16bit_seq_inc_Test8TestBodyEv
FNDA:1,_ZN16bit_seq_inc_TestC2Ev
FNDA:1,_ZN16bit_seq_inc_TestD0Ev
FNDA:1,_ZN16bit_seq_inc_TestD2Ev
FNDA:1,_ZN29bit_seq_bool_constructor_Test8TestBodyEv
FNDA:1,_ZN29bit_seq_bool_constructor_TestC2Ev
FNDA:1,_ZN29bit_seq_bool_constructor_TestD0Ev
FNDA:1,_ZN29bit_seq_bool_constructor_TestD2Ev
FNDA:1,_ZN24bit_seq_cut_to_tail_Test8TestBodyEv
FNDA:1,_ZN24bit_seq_cut_to_tail_TestC2Ev
FNDA:1,_ZN24bit_seq_cut_to_tail_TestD0Ev
FNDA:1,_ZN24bit_seq_cut_to_tail_TestD2Ev
FNDA:1,_ZN33utils_histogram_stringstream_Test8TestBodyEv
FNDA:1,_ZN33utils_histogram_stringstream_TestC2Ev
FNDA:1,_ZN33utils_histogram_stringstream_TestD0Ev
FNDA:1,_ZN33utils_histogram_stringstream_TestD2Ev
FNDA:1,_ZN40utils_encoding_book_equal_frequency_Test8TestBodyEv
FNDA:1,_ZN40utils_encoding_book_equal_frequency_TestC2Ev
FNDA:1,_ZN40utils_encoding_book_equal_frequency_TestD0Ev
FNDA:1,_ZN40utils_encoding_book_equal_frequency_TestD2Ev
FNDA:1,_ZN38utils_encoding_book_exp_frequency_Test8TestBodyEv
FNDA:1,_ZN38utils_encoding_book_exp_frequency_TestC2Ev
FNDA:1,_ZN38utils_encoding_book_exp_frequency_TestD0Ev
FNDA:1,_ZN38utils_encoding_book_exp_frequency_TestD2Ev
FNDA:1,_ZN25utils_correct_format_Test8TestBodyEv
FNDA:1,_ZN25utils_correct_format_TestC2Ev
FNDA:1,_ZN25utils_correct_format_TestD0Ev
FNDA:1,_ZN25utils_correct_format_TestD2Ev
FNDA:1,_ZN27utils_incorrect_format_Test8TestBodyEv
FNDA:1,_ZN27utils_incorrect_format_TestC2Ev
FNDA:1,_ZN27utils_incorrect_format_TestD0Ev
FNDA:1,_ZN27utils_incorrect_format_TestD2Ev
FNDA:1,_ZN38utils_encoding_book_decoding_book_Test8TestBodyEv
FNDA:1,_ZN38utils_encoding_book_decoding_book_TestC2Ev
FNDA:1,_ZN38utils_encoding_book_decoding_book_TestD0Ev
FNDA:1,_ZN38utils_encoding_book_decoding_book_TestD2Ev
FNDA:1,_ZN28utils_encoding_decoding_Test8TestBodyEv
FNDA:1,_ZN28utils_encoding_decoding_TestC2Ev
FNDA:1,_ZN28utils_encoding_decoding_TestD0Ev
FNDA:1,_ZN28utils_encoding_decoding_TestD2Ev
FNDA:1,_ZN28bit_seq_int_constructor_Test8TestBodyEv
FNDA:1,_ZN28bit_seq_int_constructor_TestC2Ev
FNDA:1,_ZN28bit_seq_int_constructor_TestD0Ev
FNDA:1,_ZN28bit_seq_int_constructor_TestD2Ev
FNDA:1,_ZN28utils_canonical_huffman_Test8TestBodyEv
FNDA:1,_ZN28utils_canonical_huffman_TestC2Ev
FNDA:1,_ZN28utils_canonical_huffman_TestD0Ev
FNDA:1,_ZN28utils_canonical_huffman_TestD2Ev
FNDA:1,_ZN34utils_incorrect_encoding_book_Test8TestBodyEv
FNDA:1,_ZN34utils_incorrect_encoding_book_TestC2Ev
FNDA:1,_ZN34utils_incorrect_encoding_book_TestD0Ev
FNDA:1,_ZN34utils_incorrect_encoding_book_TestD2Ev
FNDA:1,_ZN21bit_seq_equality_Test8TestBodyEv
FNDA:1,_ZN21bit_seq_equality_TestC2Ev
FNDA:1,_ZN21bit_seq_equality_TestD0Ev
FNDA:1,_ZN21bit_seq_equality_TestD2Ev
FNDA:1,_ZN32bit_seq_addition_assignment_Test8TestBodyEv
FNDA:1,_ZN32bit_seq_addition_assignment_TestC2Ev
FNDA:1,_ZN32bit_seq_addition_assignment_TestD0Ev
FNDA:1,_ZN32bit_seq_addition_assignment_TestD2Ev
FNDA:1,_ZN33bit_seq_addition_assignment2_Test8TestBodyEv
FNDA:1,_ZN33bit_seq_addition_assignment2_TestC2Ev
FNDA:1,_ZN33bit_seq_addition_assignment2_TestD0Ev
FNDA:1,_ZN33bit_seq_addition_assignment2_TestD2Ev
FNDA:1,_ZN25bit_seq_extend_emply_Test8TestBodyEv
FNDA:1,_ZN25bit_seq_extend_emply_TestC2Ev
FNDA:1,_ZN25bit_seq_extend_emply_TestD0Ev
FNDA:1,_ZN25bit_seq_extend_emply_TestD2Ev
FNDA:1,_ZN18bit_seq_empty_Test8TestBodyEv
FNDA:1,_ZN18bit_seq_empty_TestC2Ev
FNDA:1,_ZN18bit_seq_empty_TestD0Ev
FNDA:1,_ZN18bit_seq_empty_TestD2Ev
FNDA:1,_ZN26bit_seq_extend_emply2_Test8TestBodyEv
FNDA:1,_ZN26bit_seq_extend_emply2_TestC2Ev
FNDA:1,_ZN26bit_seq_extend_emply2_TestD0Ev
FNDA:1,_ZN26bit_seq_extend_emply2_TestD2Ev
FNF:84
FNH:84
DA:9,4
DA:10,1
DA:11,1
DA:12,1
DA:14,4
DA:15,1
DA:16,1
DA:17,1
DA:19,2
DA:20,1
DA:21,1
DA:22,1
DA:24,4
DA:25,1
DA:26,1
DA:27,1
DA:28,1
DA:29,1
DA:30,33
DA:31,32
DA:33,1
DA:35,4
DA:36,1
DA:37,1
DA:38,1001
DA:39,1000
DA:40,1000
DA:41,1000
DA:42,1000
DA:43,1000
DA:44,1000
DA:45,2000
DA:46,1000
DA:47,1000
DA:48,1000
DA:49,1
DA:51,4
DA:52,1
DA:53,1
DA:54,1001
DA:55,1000
DA:56,1000
DA:57,33000
DA:58,32000
DA:60,1000
DA:61,33000
DA:62,32000
DA:64,1000
DA:65,1
DA:67,4
DA:68,1
DA:69,1
DA:70,1001
DA:71,1000
DA:72,1000
DA:73,1000
DA:74,1000
DA:75,16144
DA:76,15144
DA:78,16282
DA:79,15282
DA:81,1000
DA:82,1
DA:84,4
DA:85,1
DA:86,1
DA:87,1
DA:88,1
DA:89,1
DA:91,4
DA:92,1
DA:93,1
DA:94,1
DA:95,1
DA:96,9
DA:97,8
DA:99,1
DA:101,4
DA:102,1
DA:103,1
DA:104,1001
DA:105,1000
DA:106,1000
DA:107,1000
DA:108,1000
DA:109,1000
DA:110,16162
DA:111,15162
DA:113,161140
DA:114,160140
DA:116,1000
DA:117,1
DA:119,4
DA:120,1
DA:121,1
DA:122,1
DA:123,1
DA:124,1
DA:126,4
DA:127,1
DA:128,1
DA:129,1001
DA:130,1000
DA:131,1000
DA:132,1000
DA:133,33000
DA:134,32000
DA:136,1000
DA:137,1000
DA:138,33000
DA:139,32000
DA:141,1000
DA:142,1
DA:144,4
DA:145,1
DA:146,1
DA:147,1001
DA:148,1000
DA:149,1000
DA:150,1000
DA:151,1000
DA:152,1000
DA:153,1000
DA:154,4498
DA:155,3498
DA:157,1000
DA:158,1
DA:160,4
DA:161,1
DA:162,1
DA:163,257
DA:164,256
DA:166,1
DA:167,0
DA:169,1
DA:171,4
DA:172,1
DA:173,1
DA:174,1
DA:175,257
DA:176,256
DA:178,1
DA:180,4
DA:181,1
DA:182,1
DA:183,1
DA:184,1
DA:185,15
DA:186,14
DA:188,1
DA:190,4
DA:191,8
DA:192,7
DA:193,7
DA:194,7
DA:195,7
DA:196,8
DA:197,1
DA:199,4
DA:200,8
DA:201,7
DA:202,7
DA:203,7
DA:204,8
DA:205,1
DA:207,4
DA:208,6
DA:209,5
DA:210,5
DA:211,5
DA:212,5
DA:213,5
DA:214,1285
DA:215,1280
DA:216,753
DA:218,527
DA:219,4854
DA:220,4327
DA:221,4327
DA:222,3800
DA:224,527
DA:225,527
DA:229,6
DA:230,1
DA:232,4
DA:233,6
DA:234,5
DA:235,5
DA:236,5
DA:237,5
DA:238,5
DA:239,5
DA:240,6
DA:241,1
DA:243,4
DA:245,1
DA:246,1
DA:247,1
DA:248,1
DA:249,1
DA:250,1
DA:251,1
DA:252,1
DA:253,1
DA:254,1
DA:255,1
DA:257,4
DA:258,6
DA:259,10
DA:260,1
DA:261,1
LF:211
LH:210
end_of_record
TN:
SF:/usr/include/c++/13.1.1/array
FN:115,116,_ZNSt5arrayImLm256EE4fillERKm
FN:126,127,_ZNSt5arrayImLm256EE5beginEv
FN:200,204,_ZNSt5arrayIN7huffman4impl12bit_sequenceELm256EEixEm
FN:200,204,_ZNSt5arrayImLm256EEixEm
FN:208,214,_ZNKSt5arrayIN7huffman4impl12bit_sequenceELm256EEixEm
FN:208,214,_ZNKSt5arrayImLm256EEixEm
FNDA:14,_ZNSt5arrayImLm256EE4fillERKm
FNDA:14,_ZNSt5arrayImLm256EE5beginEv
FNDA:6492,_ZNSt5arrayIN7huffman4impl12bit_sequenceELm256EEixEm
FNDA:205443,_ZNSt5arrayImLm256EEixEm
FNDA:76425,_ZNKSt5arrayIN7huffman4impl12bit_sequenceELm256EEixEm
FNDA:5937,_ZNKSt5arrayImLm256EEixEm
FNF:6
FNH:6
DA:115,14
DA:116,14
DA:126,14
DA:127,14
DA:187,3355
DA:200,211935
DA:203,211935
DA:208,82362
DA:213,82362
DA:277,14
LF:10
LH:10
end_of_record
TN:
SF:/usr/include/c++/13.1.1/bit
FN:195,237,_ZSt13__countl_zeroImEiT_
FN:365,369,_ZSt11__bit_widthImEiT_
FN:456,457,_ZSt9bit_widthImENSt9enable_ifIXsrSt5__or_IJSt7is_sameINSt9remove_cvIT_E4typeEhES2_IS6_tES2_IS6_jES2_IS6_mES2_IS6_yES2_IS6_oEEE5valueEiE4typeES4_
FNDA:256,_ZSt13__countl_zeroImEiT_
FNDA:256,_ZSt11__bit_widthImEiT_
FNDA:256,_ZSt9bit_widthImENSt9enable_ifIXsrSt5__or_IJSt7is_sameINSt9remove_cvIT_E4typeEhES2_IS6_tES2_IS6_jES2_IS6_mES2_IS6_yES2_IS6_oEEE5valueEiE4typeES4_
FNF:3
FNH:3
DA:195,256
DA:198,256
DA:200,256
DA:201,0
DA:203,256
DA:204,256
DA:205,256
DA:214,256
DA:215,256
DA:365,256
DA:367,256
DA:368,256
DA:456,256
DA:457,256
LF:14
LH:13
end_of_record
TN:
SF:/usr/include/c++/13.1.1/bits/alloc_traits.h
FNF:0
FNH:0
DA:482,71339
DA:516,71265
DA:539,199447
DA:541,199447
DA:559,96230
DA:561,96230
DA:575,117007
DA:587,5453
DA:721,0
DA:754,1009
DA:758,1009
DA:947,66669
DA:948,66669
LF:13
LH:12
end_of_record
TN:
SF:/usr/include/c++/13.1.1/bits/allocator.h
FNF:0
FNH:0
DA:163,51357
DA:168,15365
DA:184,6810
DA:191,71339
DA:193,0
DA:194,0
DA:195,0
DA:198,71339
DA:205,71265
DA:207,0
DA:208,0
DA:210,71265
DA:217,0
LF:13
LH:7
end_of_record
TN:
SF:/usr/include/c++/13.1.1/bits/basic_string.h
FN:1072,1073,_ZNKSt7__cxx1112basic_stringIcSt11char_traitsIcESaIcEE4sizeEv
FN:1079,1080,_ZNKSt7__cxx1112basic_stringIcSt11char_traitsIcESaIcEE6lengthEv
FN:1085,1086,_ZNKSt7__cxx1112basic_stringIcSt11char_traitsIcESaIcEE8max_sizeEv
FN:1170,1174,_ZNKSt7__cxx1112basic_stringIcSt11char_traitsIcESaIcEE8capacityEv
FN:1367,1368,_ZNSt7__cxx1112basic_stringIcSt11char_traitsIcESaIcEEpLERKS4_
FN:1377,1378,_ZNSt7__cxx1112basic_stringIcSt11char_traitsIcESaIcEEpLEPKc
FN:1387,1391,_ZNSt7__cxx1112basic_stringIcSt11char_traitsIcESaIcEEpLEc
FN:1425,1426,_ZNSt7__cxx1112basic_stringIcSt11char_traitsIcESaIcEE6appendERKS4_
FN:1456,1461,_ZNSt7__cxx1112basic_stringIcSt11char_traitsIcESaIcEE6appendEPKcm
FN:1470,1476,_ZNSt7__cxx1112basic_stringIcSt11char_traitsIcESaIcEE6appendEPKc
FN:1562,1569,_ZNSt7__cxx1112basic_stringIcSt11char_traitsIcESaIcEE9push_backEc
FN:1682,1687,_ZNSt7__cxx1112basic_stringIcSt11char_traitsIcESaIcEE6assignEPKc
FN:1963,1968,_ZNSt7__cxx1112basic_stringIcSt11char_traitsIcESaIcEE6insertEmPKc
FN:201,202,_ZNSt7__cxx1112basic_stringIcSt11char_traitsIcESaIcEE12_Alloc_hiderC2EPcRKS3_
FN:205,206,_ZNSt7__cxx1112basic_stringIcSt11char_traitsIcESaIcEE12_Alloc_hiderC1EPcOS3_
FN:205,206,_ZNSt7__cxx1112basic_stringIcSt11char_traitsIcESaIcEE12_Alloc_hiderC2EPcOS3_
FN:2070,2078,_ZNSt7__cxx1112basic_stringIcSt11char_traitsIcESaIcEE5eraseEmm
FN:2205,2211,_ZNSt7__cxx1112basic_stringIcSt11char_traitsIcESaIcEE7replaceEmmPKcm
FN:225,226,_ZNSt7__cxx1112basic_stringIcSt11char_traitsIcESaIcEE7_M_dataEPc
FN:230,231,_ZNSt7__cxx1112basic_stringIcSt11char_traitsIcESaIcEE9_M_lengthEm
FN:235,236,_ZNKSt7__cxx1112basic_stringIcSt11char_traitsIcESaIcEE7_M_dataEv
FN:240,247,_ZNSt7__cxx1112basic_stringIcSt11char_traitsIcESaIcEE13_M_local_dataEv
FN:251,258,_ZNKSt7__cxx1112basic_stringIcSt11char_traitsIcESaIcEE13_M_local_dataEv
FN:2596,2597,_ZNKSt7__cxx1112basic_stringIcSt11char_traitsIcESaIcEE5c_strEv
FN:2609,2610,_ZNKSt7__cxx1112basic_stringIcSt11char_traitsIcESaIcEE4dataEv
FN:262,263,_ZNSt7__cxx1112basic_stringIcSt11char_traitsIcESaIcEE11_M_capacityEm
FN:2630,2631,_ZNKSt7__cxx1112basic_stringIcSt11char_traitsIcESaIcEE13get_allocatorEv
FN:267,271,_ZNSt7__cxx1112basic_stringIcSt11char_traitsIcESaIcEE13_M_set_lengthEm
FN:2696,2700,_ZNKSt7__cxx1112basic_stringIcSt11char_traitsIcESaIcEE4findEPKcm
FN:275,284,_ZNKSt7__cxx1112basic_stringIcSt11char_traitsIcESaIcEE11_M_is_localEv
FN:293,297,_ZNSt7__cxx1112basic_stringIcSt11char_traitsIcESaIcEE10_M_disposeEv
FN:301,302,_ZNSt7__cxx1112basic_stringIcSt11char_traitsIcESaIcEE10_M_destroyEm
FN:3384,3395,_ZNKSt7__cxx1112basic_stringIcSt11char_traitsIcESaIcEE7compareEmmPKc
FN:349,350,_ZNSt7__cxx1112basic_stringIcSt11char_traitsIcESaIcEE16_M_get_allocatorEv
FN:3529,3542,_ZSt12__str_concatINSt7__cxx1112basic_stringIcSt11char_traitsIcESaIcEEEET_PKNS6_10value_typeENS6_9size_typeES9_SA_RKNS6_14allocator_typeE
FN:354,355,_ZNKSt7__cxx1112basic_stringIcSt11char_traitsIcESaIcEE16_M_get_allocatorEv
FN:3572,3580,_ZStplIcSt11char_traitsIcESaIcEENSt7__cxx1112basic_stringIT_T0_T1_EEPKS5_RKS8_
FN:3675,3677,_ZStplIcSt11char_traitsIcESaIcEENSt7__cxx1112basic_stringIT_T0_T1_EEPKS5_OS8_
FN:3711,3717,_ZSteqIcSt11char_traitsIcESaIcEEbRKNSt7__cxx1112basic_stringIT_T0_T1_EESA_
FN:389,396,_ZNKSt7__cxx1112basic_stringIcSt11char_traitsIcESaIcEE8_M_checkEmPKc
FN:400,404,_ZNKSt7__cxx1112basic_stringIcSt11char_traitsIcESaIcEE15_M_check_lengthEmmPKc
FN:410,414,_ZNKSt7__cxx1112basic_stringIcSt11char_traitsIcESaIcEE8_M_limitEmm
FN:418,422,_ZNKSt7__cxx1112basic_stringIcSt11char_traitsIcESaIcEE11_M_disjunctEPKc
FN:428,434,_ZNSt7__cxx1112basic_stringIcSt11char_traitsIcESaIcEE7_S_copyEPcPKcm
FN:438,444,_ZNSt7__cxx1112basic_stringIcSt11char_traitsIcESaIcEE7_S_moveEPcPKcm
FN:480,481,_ZNSt7__cxx1112basic_stringIcSt11char_traitsIcESaIcEE13_S_copy_charsEPcS5_S5_
FN:485,487,_ZNSt7__cxx1112basic_stringIcSt11char_traitsIcESaIcEE13_S_copy_charsEPcPKcS7_
FN:491,501,_ZNSt7__cxx1112basic_stringIcSt11char_traitsIcESaIcEE10_S_compareEmm
FN:525,531,_ZNSt7__cxx1112basic_stringIcSt11char_traitsIcESaIcEEC1Ev
FN:538,543,_ZNSt7__cxx1112basic_stringIcSt11char_traitsIcESaIcEEC2ERKS3_
FN:550,556,_ZNSt7__cxx1112basic_stringIcSt11char_traitsIcESaIcEEC2ERKS4_
FN:644,653,_ZNSt7__cxx1112basic_stringIcSt11char_traitsIcESaIcEEC2IS3_EEPKcRKS3_
FN:680,700,_ZNSt7__cxx1112basic_stringIcSt11char_traitsIcESaIcEEC2EOS4_
FN:804,805,_ZNSt7__cxx1112basic_stringIcSt11char_traitsIcESaIcEED2Ev
FN:824,825,_ZNSt7__cxx1112basic_stringIcSt11char_traitsIcESaIcEEaSEPKc
FNDA:205355,_ZNKSt7__cxx1112basic_stringIcSt11char_traitsIcESaIcEE4sizeEv
FNDA:1118,_ZNKSt7__cxx1112basic_stringIcSt11char_traitsIcESaIcEE6lengthEv
FNDA:430,_ZNKSt7__cxx1112basic_stringIcSt11char_traitsIcESaIcEE8max_sizeEv
FNDA:205119,_ZNKSt7__cxx1112basic_stringIcSt11char_traitsIcESaIcEE8capacityEv
FNDA:0,_ZNSt7__cxx1112basic_stringIcSt11char_traitsIcESaIcEEpLERKS4_
FNDA:0,_ZNSt7__cxx1112basic_stringIcSt11char_traitsIcESaIcEEpLEPKc
FNDA:204810,_ZNSt7__cxx1112basic_stringIcSt11char_traitsIcESaIcEEpLEc
FNDA:21,_ZNSt7__cxx1112basic_stringIcSt11char_traitsIcESaIcEE6appendERKS4_
FNDA:63,_ZNSt7__cxx1112basic_stringIcSt11char_traitsIcESaIcEE6appendEPKcm
FNDA:18,_ZNSt7__cxx1112basic_stringIcSt11char_traitsIcESaIcEE6appendEPKc
FNDA:204810,_ZNSt7__cxx1112basic_stringIcSt11char_traitsIcESaIcEE9push_backEc
FNDA:0,_ZNSt7__cxx1112basic_stringIcSt11char_traitsIcESaIcEE6assignEPKc
FNDA:0,_ZNSt7__cxx1112basic_stringIcSt11char_traitsIcESaIcEE6insertEmPKc
FNDA:189,_ZNSt7__cxx1112basic_stringIcSt11char_traitsIcESaIcEE12_Alloc_hiderC2EPcRKS3_
FNDA:510,_ZNSt7__cxx1112basic_stringIcSt11char_traitsIcESaIcEE12_Alloc_hiderC1EPcOS3_
FNDA:0,_ZNSt7__cxx1112basic_stringIcSt11char_traitsIcESaIcEE12_Alloc_hiderC2EPcOS3_
FNDA:0,_ZNSt7__cxx1112basic_stringIcSt11char_traitsIcESaIcEE5eraseEmm
FNDA:0,_ZNSt7__cxx1112basic_stringIcSt11char_traitsIcESaIcEE7replaceEmmPKcm
FNDA:457,_ZNSt7__cxx1112basic_stringIcSt11char_traitsIcESaIcEE7_M_dataEPc
FNDA:205729,_ZNSt7__cxx1112basic_stringIcSt11char_traitsIcESaIcEE9_M_lengthEm
FNDA:618886,_ZNKSt7__cxx1112basic_stringIcSt11char_traitsIcESaIcEE7_M_dataEv
FNDA:1283,_ZNSt7__cxx1112basic_stringIcSt11char_traitsIcESaIcEE13_M_local_dataEv
FNDA:206224,_ZNKSt7__cxx1112basic_stringIcSt11char_traitsIcESaIcEE13_M_local_dataEv
FNDA:1112,_ZNKSt7__cxx1112basic_stringIcSt11char_traitsIcESaIcEE5c_strEv
FNDA:26,_ZNKSt7__cxx1112basic_stringIcSt11char_traitsIcESaIcEE4dataEv
FNDA:326,_ZNSt7__cxx1112basic_stringIcSt11char_traitsIcESaIcEE11_M_capacityEm
FNDA:21,_ZNKSt7__cxx1112basic_stringIcSt11char_traitsIcESaIcEE13get_allocatorEv
FNDA:205598,_ZNSt7__cxx1112basic_stringIcSt11char_traitsIcESaIcEE13_M_set_lengthEm
FNDA:0,_ZNKSt7__cxx1112basic_stringIcSt11char_traitsIcESaIcEE4findEPKcm
FNDA:206224,_ZNKSt7__cxx1112basic_stringIcSt11char_traitsIcESaIcEE11_M_is_localEv
FNDA:974,_ZNSt7__cxx1112basic_stringIcSt11char_traitsIcESaIcEE10_M_disposeEv
FNDA:224,_ZNSt7__cxx1112basic_stringIcSt11char_traitsIcESaIcEE10_M_destroyEm
FNDA:0,_ZNKSt7__cxx1112basic_stringIcSt11char_traitsIcESaIcEE7compareEmmPKc
FNDA:653,_ZNSt7__cxx1112basic_stringIcSt11char_traitsIcESaIcEE16_M_get_allocatorEv
FNDA:21,_ZSt12__str_concatINSt7__cxx1112basic_stringIcSt11char_traitsIcESaIcEEEET_PKNS6_10value_typeENS6_9size_typeES9_SA_RKNS6_14allocator_typeE
FNDA:603,_ZNKSt7__cxx1112basic_stringIcSt11char_traitsIcESaIcEE16_M_get_allocatorEv
FNDA:0,_ZStplIcSt11char_traitsIcESaIcEENSt7__cxx1112basic_stringIT_T0_T1_EEPKS5_RKS8_
FNDA:0,_ZStplIcSt11char_traitsIcESaIcEENSt7__cxx1112basic_stringIT_T0_T1_EEPKS5_OS8_
FNDA:12,_ZSteqIcSt11char_traitsIcESaIcEEbRKNSt7__cxx1112basic_stringIT_T0_T1_EESA_
FNDA:0,_ZNKSt7__cxx1112basic_stringIcSt11char_traitsIcESaIcEE8_M_checkEmPKc
FNDA:81,_ZNKSt7__cxx1112basic_stringIcSt11char_traitsIcESaIcEE15_M_check_lengthEmmPKc
FNDA:0,_ZNKSt7__cxx1112basic_stringIcSt11char_traitsIcESaIcEE8_M_limitEmm
FNDA:0,_ZNKSt7__cxx1112basic_stringIcSt11char_traitsIcESaIcEE11_M_disjunctEPKc
FNDA:562,_ZNSt7__cxx1112basic_stringIcSt11char_traitsIcESaIcEE7_S_copyEPcPKcm
FNDA:0,_ZNSt7__cxx1112basic_stringIcSt11char_traitsIcESaIcEE7_S_moveEPcPKcm
FNDA:152,_ZNSt7__cxx1112basic_stringIcSt11char_traitsIcESaIcEE13_S_copy_charsEPcS5_S5_
FNDA:155,_ZNSt7__cxx1112basic_stringIcSt11char_traitsIcESaIcEE13_S_copy_charsEPcPKcS7_
FNDA:0,_ZNSt7__cxx1112basic_stringIcSt11char_traitsIcESaIcEE10_S_compareEmm
FNDA:227,_ZNSt7__cxx1112basic_stringIcSt11char_traitsIcESaIcEEC1Ev
FNDA:21,_ZNSt7__cxx1112basic_stringIcSt11char_traitsIcESaIcEEC2ERKS3_
FNDA:152,_ZNSt7__cxx1112basic_stringIcSt11char_traitsIcESaIcEEC2ERKS4_
FNDA:147,_ZNSt7__cxx1112basic_stringIcSt11char_traitsIcESaIcEEC2IS3_EEPKcRKS3_
FNDA:131,_ZNSt7__cxx1112basic_stringIcSt11char_traitsIcESaIcEEC2EOS4_
FNDA:800,_ZNSt7__cxx1112basic_stringIcSt11char_traitsIcESaIcEED2Ev
FNDA:0,_ZNSt7__cxx1112basic_stringIcSt11char_traitsIcESaIcEEaSEPKc
FNF:55
FNH:38
DA:201,189
DA:202,189
DA:205,510
DA:206,510
DA:225,457
DA:226,457
DA:230,205729
DA:231,205729
DA:235,618886
DA:236,618886
DA:240,1283
DA:243,1283
DA:251,206224
DA:254,206224
DA:262,326
DA:263,326
DA:267,205598
DA:269,205598
DA:270,205598
DA:271,205598
DA:275,206224
DA:277,206224
DA:279,1206
DA:280,0
DA:281,1206
DA:283,205018
DA:293,974
DA:295,974
DA:296,224
DA:297,974
DA:301,224
DA:302,224
DA:349,653
DA:350,653
DA:354,603
DA:355,603
DA:364,443
DA:365,0
DA:366,0
DA:368,443
DA:389,0
DA:391,0
DA:392,0
DA:395,0
DA:400,81
DA:402,81
DA:403,0
DA:404,81
DA:410,0
DA:412,0
DA:413,0
DA:418,0
DA:420,0
DA:421,0
DA:428,562
DA:430,562
DA:431,169
DA:433,393
DA:434,562
DA:438,0
DA:440,0
DA:441,0
DA:443,0
DA:444,0
DA:480,152
DA:481,152
DA:485,155
DA:487,155
DA:491,0
DA:493,0
DA:495,0
DA:496,0
DA:497,0
DA:498,0
DA:500,0
DA:525,227
DA:527,681
DA:530,227
DA:531,227
DA:538,21
DA:539,21
DA:542,21
DA:543,21
DA:550,152
DA:551,152
DA:552,152
DA:554,152
DA:556,152
DA:644,147
DA:645,147
DA:648,147
DA:649,0
DA:651,147
DA:652,147
DA:653,147
DA:680,131
DA:681,131
DA:683,131
DA:685,102
DA:686,102
DA:690,29
DA:691,29
DA:697,131
DA:698,131
DA:699,131
DA:700,131
DA:804,800
DA:805,800
DA:824,0
DA:825,0
DA:1072,205355
DA:1073,205355
DA:1079,1118
DA:1080,1118
DA:1085,430
DA:1086,860
DA:1170,205119
DA:1172,205119
DA:1173,205119
DA:1367,0
DA:1368,0
DA:1377,0
DA:1378,0
DA:1387,204810
DA:1389,204810
DA:1390,204810
DA:1425,21
DA:1426,21
DA:1456,63
DA:1459,63
DA:1460,63
DA:1470,18
DA:1473,18
DA:1474,18
DA:1475,18
DA:1562,204810
DA:1564,204810
DA:1565,204810
DA:1566,0
DA:1567,204810
DA:1568,204810
DA:1569,204810
DA:1682,0
DA:1685,0
DA:1686,0
DA:1963,0
DA:1966,0
DA:1967,0
DA:2070,0
DA:2072,0
DA:2073,0
DA:2074,0
DA:2075,0
DA:2076,0
DA:2077,0
DA:2205,0
DA:2209,0
DA:2210,0
DA:2596,1112
DA:2597,1112
DA:2609,26
DA:2610,26
DA:2630,21
DA:2631,42
DA:2696,0
DA:2699,0
DA:3384,0
DA:3387,0
DA:3388,0
DA:3389,0
DA:3390,0
DA:3391,0
DA:3392,0
DA:3393,0
DA:3394,0
DA:3529,21
DA:3537,21
DA:3538,21
DA:3539,21
DA:3540,21
DA:3541,21
DA:3542,0
DA:3572,0
DA:3579,0
DA:3675,0
DA:3677,0
DA:3711,12
DA:3715,12
DA:3716,12
LF:189
LH:123
end_of_record
TN:
SF:/usr/include/c++/13.1.1/bits/basic_string.tcc
FN:134,156,_ZNSt7__cxx1112basic_stringIcSt11char_traitsIcESaIcEE9_M_createERmm
FN:217,248,_ZNSt7__cxx1112basic_stringIcSt11char_traitsIcESaIcEE12_M_constructIPKcEEvT_S8_St20forward_iterator_tag
FN:217,248,_ZNSt7__cxx1112basic_stringIcSt11char_traitsIcESaIcEE12_M_constructIPcEEvT_S7_St20forward_iterator_tag
FN:235,235,_ZZNSt7__cxx1112basic_stringIcSt11char_traitsIcESaIcEE12_M_constructIPKcEEvT_S8_St20forward_iterator_tagEN6_GuardC2EPS4_
FN:235,235,_ZZNSt7__cxx1112basic_stringIcSt11char_traitsIcESaIcEE12_M_constructIPcEEvT_S7_St20forward_iterator_tagEN6_GuardC2EPS4_
FN:238,238,_ZZNSt7__cxx1112basic_stringIcSt11char_traitsIcESaIcEE12_M_constructIPKcEEvT_S8_St20forward_iterator_tagEN6_GuardD2Ev
FN:238,238,_ZZNSt7__cxx1112basic_stringIcSt11char_traitsIcESaIcEE12_M_constructIPcEEvT_S7_St20forward_iterator_tagEN6_GuardD2Ev
FN:300,316,_ZNSt7__cxx1112basic_stringIcSt11char_traitsIcESaIcEE7reserveEm
FN:321,341,_ZNSt7__cxx1112basic_stringIcSt11char_traitsIcESaIcEE9_M_mutateEmmPKcm
FN:346,355,_ZNSt7__cxx1112basic_stringIcSt11char_traitsIcESaIcEE8_M_eraseEmm
FN:409,424,_ZNSt7__cxx1112basic_stringIcSt11char_traitsIcESaIcEE9_M_appendEPKcm
FN:507,549,_ZNSt7__cxx1112basic_stringIcSt11char_traitsIcESaIcEE10_M_replaceEmmPKcm
FN:614,646,_ZNKSt7__cxx1112basic_stringIcSt11char_traitsIcESaIcEE4findEPKcmm
FNDA:298,_ZNSt7__cxx1112basic_stringIcSt11char_traitsIcESaIcEE9_M_createERmm
FNDA:155,_ZNSt7__cxx1112basic_stringIcSt11char_traitsIcESaIcEE12_M_constructIPKcEEvT_S8_St20forward_iterator_tag
FNDA:152,_ZNSt7__cxx1112basic_stringIcSt11char_traitsIcESaIcEE12_M_constructIPcEEvT_S7_St20forward_iterator_tag
FNDA:155,_ZZNSt7__cxx1112basic_stringIcSt11char_traitsIcESaIcEE12_M_constructIPKcEEvT_S8_St20forward_iterator_tagEN6_GuardC2EPS4_
FNDA:152,_ZZNSt7__cxx1112basic_stringIcSt11char_traitsIcESaIcEE12_M_constructIPcEEvT_S7_St20forward_iterator_tagEN6_GuardC2EPS4_
FNDA:155,_ZZNSt7__cxx1112basic_stringIcSt11char_traitsIcESaIcEE12_M_constructIPKcEEvT_S8_St20forward_iterator_tagEN6_GuardD2Ev
FNDA:152,_ZZNSt7__cxx1112basic_stringIcSt11char_traitsIcESaIcEE12_M_constructIPcEEvT_S7_St20forward_iterator_tagEN6_GuardD2Ev
FNDA:183,_ZNSt7__cxx1112basic_stringIcSt11char_traitsIcESaIcEE7reserveEm
FNDA:45,_ZNSt7__cxx1112basic_stringIcSt11char_traitsIcESaIcEE9_M_mutateEmmPKcm
FNDA:0,_ZNSt7__cxx1112basic_stringIcSt11char_traitsIcESaIcEE8_M_eraseEmm
FNDA:81,_ZNSt7__cxx1112basic_stringIcSt11char_traitsIcESaIcEE9_M_appendEPKcm
FNDA:0,_ZNSt7__cxx1112basic_stringIcSt11char_traitsIcESaIcEE10_M_replaceEmmPKcm
FNDA:0,_ZNKSt7__cxx1112basic_stringIcSt11char_traitsIcESaIcEE4findEPKcmm
FNF:13
FNH:10
DA:134,298
DA:139,298
DA:140,0
DA:145,298
DA:147,51
DA:149,51
DA:150,0
DA:155,596
DA:217,307
DA:221,307
DA:223,307
DA:225,112
DA:226,112
DA:235,307
DA:238,307
DA:241,307
DA:243,307
DA:245,307
DA:247,307
DA:248,307
DA:300,183
DA:303,183
DA:308,183
DA:309,54
DA:311,129
DA:312,129
DA:313,129
DA:314,129
DA:315,129
DA:321,45
DA:325,45
DA:327,45
DA:328,45
DA:330,45
DA:331,18
DA:332,45
DA:333,45
DA:334,45
DA:335,0
DA:336,0
DA:338,45
DA:339,45
DA:340,45
DA:341,45
DA:346,0
DA:349,0
DA:351,0
DA:352,0
DA:354,0
DA:355,0
DA:409,81
DA:412,81
DA:414,81
DA:416,63
DA:417,63
DA:420,18
DA:422,81
DA:423,81
DA:507,0
DA:511,0
DA:513,0
DA:514,0
DA:516,0
DA:518,0
DA:520,0
DA:522,0
DA:524,0
DA:526,0
DA:527,0
DA:528,0
DA:529,0
DA:530,0
DA:534,0
DA:536,0
DA:537,0
DA:538,0
DA:539,0
DA:542,0
DA:545,0
DA:547,0
DA:548,0
DA:614,0
DA:619,0
DA:621,0
DA:622,0
DA:623,0
DA:624,0
DA:626,0
DA:627,0
DA:628,0
DA:629,0
DA:630,0
DA:632,0
DA:635,0
DA:636,0
DA:637,0
DA:641,0
DA:642,0
DA:643,0
DA:645,0
LF:100
LH:48
end_of_record
TN:
SF:/usr/include/c++/13.1.1/bits/char_traits.h
FN:125,133,_ZN9__gnu_cxx11char_traitsIcE6assignERcRKc
FN:136,137,_ZN9__gnu_cxx11char_traitsIcE2eqERKcS3_
FN:199,206,_ZN9__gnu_cxx11char_traitsIcE6lengthEPKc
FN:210,217,_ZN9__gnu_cxx11char_traitsIcE4findEPKcmRS2_
FN:222,258,_ZN9__gnu_cxx11char_traitsIcE4moveEPcPKcm
FN:263,278,_ZN9__gnu_cxx11char_traitsIcE4copyEPcPKcm
FN:361,369,_ZNSt11char_traitsIcE6assignERcRKc
FN:376,381,_ZNSt11char_traitsIcE2ltERKcS2_
FN:384,400,_ZNSt11char_traitsIcE7compareEPKcS2_m
FN:403,410,_ZNSt11char_traitsIcE6lengthEPKc
FN:413,422,_ZNSt11char_traitsIcE4findEPKcmRS1_
FN:425,434,_ZNSt11char_traitsIcE4moveEPcPKcm
FN:437,446,_ZNSt11char_traitsIcE4copyEPcPKcm
FNDA:0,_ZN9__gnu_cxx11char_traitsIcE6assignERcRKc
FNDA:0,_ZN9__gnu_cxx11char_traitsIcE2eqERKcS3_
FNDA:0,_ZN9__gnu_cxx11char_traitsIcE6lengthEPKc
FNDA:0,_ZN9__gnu_cxx11char_traitsIcE4findEPKcmRS2_
FNDA:0,_ZN9__gnu_cxx11char_traitsIcE4moveEPcPKcm
FNDA:0,_ZN9__gnu_cxx11char_traitsIcE4copyEPcPKcm
FNDA:410577,_ZNSt11char_traitsIcE6assignERcRKc
FNDA:0,_ZNSt11char_traitsIcE2ltERKcS2_
FNDA:14,_ZNSt11char_traitsIcE7compareEPKcS2_m
FNDA:190,_ZNSt11char_traitsIcE6lengthEPKc
FNDA:0,_ZNSt11char_traitsIcE4findEPKcmRS1_
FNDA:0,_ZNSt11char_traitsIcE4moveEPcPKcm
FNDA:495,_ZNSt11char_traitsIcE4copyEPcPKcm
FNF:13
FNH:4
DA:125,0
DA:128,0
DA:129,0
DA:132,0
DA:133,0
DA:136,0
DA:137,0
DA:199,0
DA:202,0
DA:203,0
DA:204,0
DA:205,0
DA:210,0
DA:213,0
DA:214,0
DA:215,0
DA:216,0
DA:222,0
DA:225,0
DA:226,0
DA:228,0
DA:230,0
DA:231,0
DA:232,0
DA:233,0
DA:234,0
DA:236,0
DA:238,0
DA:239,0
DA:242,0
DA:246,0
DA:247,0
DA:249,0
DA:252,0
DA:253,0
DA:256,0
DA:257,0
DA:263,0
DA:266,0
DA:267,0
DA:269,0
DA:271,0
DA:272,0
DA:273,0
DA:276,0
DA:277,0
DA:361,410577
DA:364,410577
DA:365,0
DA:368,410577
DA:369,410577
DA:376,0
DA:379,0
DA:380,0
DA:384,14
DA:386,14
DA:387,5
DA:389,9
DA:391,0
DA:392,0
DA:393,0
DA:394,0
DA:395,0
DA:396,0
DA:399,9
DA:403,190
DA:406,190
DA:407,0
DA:409,190
DA:413,0
DA:415,0
DA:416,0
DA:418,0
DA:419,0
DA:421,0
DA:425,0
DA:427,0
DA:428,0
DA:430,0
DA:431,0
DA:433,0
DA:437,495
DA:439,495
DA:440,14
DA:442,481
DA:443,0
DA:445,481
LF:87
LH:17
end_of_record
TN:
SF:/usr/include/c++/13.1.1/bits/cpp_type_traits.h
FN:607,608,_ZSt12__miter_baseIN9__gnu_cxx17__normal_iteratorIPKhSt6vectorIhSaIhEEEEET_S8_
FN:607,608,_ZSt12__miter_baseIN9__gnu_cxx17__normal_iteratorIPhSt6vectorIhSaIhEEEEET_S7_
FN:607,608,_ZSt12__miter_baseIPcET_S1_
FN:607,608,_ZSt12__miter_baseIPhET_S1_
FNDA:21922,_ZSt12__miter_baseIN9__gnu_cxx17__normal_iteratorIPKhSt6vectorIhSaIhEEEEET_S8_
FNDA:1330,_ZSt12__miter_baseIN9__gnu_cxx17__normal_iteratorIPhSt6vectorIhSaIhEEEEET_S7_
FNDA:102,_ZSt12__miter_baseIPcET_S1_
FNDA:4064,_ZSt12__miter_baseIPhET_S1_
FNF:4
FNH:4
DA:607,27418
DA:608,27418
LF:2
LH:2
end_of_record
TN:
SF:/usr/include/c++/13.1.1/bits/exception.h
FN:62,62,_ZNSt9exceptionC2Ev
FNDA:0,_ZNSt9exceptionC2Ev
FNF:1
FNH:0
DA:62,0
LF:1
LH:0
end_of_record
TN:
SF:/usr/include/c++/13.1.1/bits/ios_base.h
FN:130,131,_ZStorSt13_Ios_OpenmodeS_
FNDA:14,_ZStorSt13_Ios_OpenmodeS_
FNF:1
FNH:1
DA:130,14
DA:131,14
LF:2
LH:2
end_of_record
TN:
SF:/usr/include/c++/13.1.1/bits/iterator_concepts.h
FN:145,154,_ZNKSt6ranges12__cust_imove6_IMoveclIRKPNSt7__cxx1118basic_stringstreamIcSt11char_traitsIcESaIcEEEEENS1_8__resultIT_E4typeEOSD_
FN:145,154,_ZNKSt6ranges12__cust_imove6_IMoveclIRKPSt4pairINSt7__cxx1118basic_stringstreamIcSt11char_traitsIcESaIcEEENS4_12basic_stringIcS7_S8_EEEEENS1_8__resultIT_E4typeEOSH_
FN:145,154,_ZNKSt6ranges12__cust_imove6_IMoveclIRKPhEENS1_8__resultIT_E4typeEOS7_
FNDA:7,_ZNKSt6ranges12__cust_imove6_IMoveclIRKPNSt7__cxx1118basic_stringstreamIcSt11char_traitsIcESaIcEEEEENS1_8__resultIT_E4typeEOSD_
FNDA:7,_ZNKSt6ranges12__cust_imove6_IMoveclIRKPSt4pairINSt7__cxx1118basic_stringstreamIcSt11char_traitsIcESaIcEEENS4_12basic_stringIcS7_S8_EEEEENS1_8__resultIT_E4typeEOSH_
FNDA:0,_ZNKSt6ranges12__cust_imove6_IMoveclIRKPhEENS1_8__resultIT_E4typeEOS7_
FNF:3
FNH:2
DA:145,14
DA:151,14
LF:2
LH:2
end_of_record
TN:
SF:/usr/include/c++/13.1.1/bits/move.h
FN:138,139,_ZSt9addressofIKN7huffman4impl12bit_sequenceEEPT_RS4_
FN:138,139,_ZSt9addressofIKcEPT_RS1_
FN:138,139,_ZSt9addressofIcEPT_RS0_
FN:51,52,_ZSt11__addressofI13queue_elementEPT_RS1_
FN:51,52,_ZSt11__addressofIKN7huffman4impl12bit_sequenceEEPT_RS4_
FN:51,52,_ZSt11__addressofIKSt6vectorIhSaIhEEEPT_RS4_
FN:51,52,_ZSt11__addressofIKcEPT_RS1_
FN:51,52,_ZSt11__addressofINSt7__cxx1112basic_stringIcSt11char_traitsIcESaIcEEEEPT_RS6_
FN:51,52,_ZSt11__addressofINSt7__cxx1118basic_stringstreamIcSt11char_traitsIcESaIcEEEEPT_RS6_
FN:51,52,_ZSt11__addressofISt4pairINSt7__cxx1118basic_stringstreamIcSt11char_traitsIcESaIcEEENS1_12basic_stringIcS4_S5_EEEEPT_RSA_
FN:51,52,_ZSt11__addressofISt5arrayIN7huffman4impl12bit_sequenceELm256EEEPT_RS5_
FN:51,52,_ZSt11__addressofIcEPT_RS0_
FN:51,52,_ZSt11__addressofIhEPT_RS0_
FN:70,71,_ZSt7forwardI13queue_elementEOT_RNSt16remove_referenceIS1_E4typeE
FN:70,71,_ZSt7forwardIDnEOT_RNSt16remove_referenceIS0_E4typeE
FN:70,71,_ZSt7forwardINSt7__cxx1112basic_stringIcSt11char_traitsIcESaIcEEEEOT_RNSt16remove_referenceIS6_E4typeE
FN:70,71,_ZSt7forwardINSt7__cxx1118basic_stringstreamIcSt11char_traitsIcESaIcEEEEOT_RNSt16remove_referenceIS6_E4typeE
FN:70,71,_ZSt7forwardIR13queue_elementEOT_RNSt16remove_referenceIS2_E4typeE
FN:70,71,_ZSt7forwardIRA1_KcEOT_RNSt16remove_referenceIS3_E4typeE
FN:70,71,_ZSt7forwardIRA2_KcEOT_RNSt16remove_referenceIS3_E4typeE
FN:70,71,_ZSt7forwardIRA9_KcEOT_RNSt16remove_referenceIS3_E4typeE
FN:70,71,_ZSt7forwardIRKSt5arrayIN7huffman4impl12bit_sequenceELm256EEEOT_RNSt16remove_referenceIS7_E4typeE
FN:70,71,_ZSt7forwardIRKcEOT_RNSt16remove_referenceIS2_E4typeE
FN:70,71,_ZSt7forwardIRKhEOT_RNSt16remove_referenceIS2_E4typeE
FN:70,71,_ZSt7forwardIRKmEOT_RNSt16remove_referenceIS2_E4typeE
FN:70,71,_ZSt7forwardIRPN7huffman4impl4nodeEEOT_RNSt16remove_referenceIS5_E4typeE
FN:70,71,_ZSt7forwardIRPSt13_Rb_tree_nodeI4codeEEOT_RNSt16remove_referenceIS5_E4typeE
FN:70,71,_ZSt7forwardIRPSt18_Rb_tree_node_baseEOT_RNSt16remove_referenceIS3_E4typeE
FN:70,71,_ZSt7forwardIRSt10unique_ptrIN7huffman4impl4nodeESt14default_deleteIS3_EEEOT_RNSt16remove_referenceIS8_E4typeE
FN:70,71,_ZSt7forwardIRcEOT_RNSt16remove_referenceIS1_E4typeE
FN:70,71,_ZSt7forwardIRhEOT_RNSt16remove_referenceIS1_E4typeE
FN:70,71,_ZSt7forwardIRmEOT_RNSt16remove_referenceIS1_E4typeE
FN:70,71,_ZSt7forwardISt10unique_ptrIN7huffman4impl4leafESt14default_deleteIS3_EEEOT_RNSt16remove_referenceIS7_E4typeE
FN:70,71,_ZSt7forwardISt10unique_ptrIN7huffman4impl6parentESt14default_deleteIS3_EEEOT_RNSt16remove_referenceIS7_E4typeE
FN:70,71,_ZSt7forwardISt14default_deleteIN7huffman4impl4leafEEEOT_RNSt16remove_referenceIS5_E4typeE
FN:70,71,_ZSt7forwardISt14default_deleteIN7huffman4impl4nodeEEEOT_RNSt16remove_referenceIS5_E4typeE
FN:70,71,_ZSt7forwardISt14default_deleteIN7huffman4impl6parentEEEOT_RNSt16remove_referenceIS5_E4typeE
FN:70,71,_ZSt7forwardISt17_Rb_tree_iteratorI4codeEEOT_RNSt16remove_referenceIS3_E4typeE
FN:70,71,_ZSt7forwardISt4pairINSt7__cxx1118basic_stringstreamIcSt11char_traitsIcESaIcEEENS1_12basic_stringIcS4_S5_EEEEOT_RNSt16remove_referenceISA_E4typeE
FN:70,71,_ZSt7forwardISt5arrayIN7huffman4impl12bit_sequenceELm256EEEOT_RNSt16remove_referenceIS5_E4typeE
FN:70,71,_ZSt7forwardIbEOT_RNSt16remove_referenceIS0_E4typeE
FN:70,71,_ZSt7forwardIhEOT_RNSt16remove_referenceIS0_E4typeE
FN:70,71,_ZSt7forwardIiEOT_RNSt16remove_referenceIS0_E4typeE
FN:70,71,_ZSt7forwardImEOT_RNSt16remove_referenceIS0_E4typeE
FN:97,98,_ZSt4moveIR13queue_elementEONSt16remove_referenceIT_E4typeEOS3_
FN:97,98,_ZSt4moveIRNSt12_Vector_baseIhSaIhEE12_Vector_implEEONSt16remove_referenceIT_E4typeEOS6_
FN:97,98,_ZSt4moveIRNSt7__cxx1112basic_stringIcSt11char_traitsIcESaIcEEEEONSt16remove_referenceIT_E4typeEOS8_
FN:97,98,_ZSt4moveIRNSt7__cxx1118basic_stringstreamIcSt11char_traitsIcESaIcEEEEONSt16remove_referenceIT_E4typeEOS8_
FN:97,98,_ZSt4moveIRPN7huffman4impl4leafEEONSt16remove_referenceIT_E4typeEOS6_
FN:97,98,_ZSt4moveIRPN7huffman4impl4nodeEEONSt16remove_referenceIT_E4typeEOS6_
FN:97,98,_ZSt4moveIRPN7huffman4impl6parentEEONSt16remove_referenceIT_E4typeEOS6_
FN:97,98,_ZSt4moveIRPNSt7__cxx1112basic_stringIcSt11char_traitsIcESaIcEEEEONSt16remove_referenceIT_E4typeEOS9_
FN:97,98,_ZSt4moveIRPNSt7__cxx1118basic_stringstreamIcSt11char_traitsIcESaIcEEEEONSt16remove_referenceIT_E4typeEOS9_
FN:97,98,_ZSt4moveIRPSt4pairINSt7__cxx1118basic_stringstreamIcSt11char_traitsIcESaIcEEENS1_12basic_stringIcS4_S5_EEEEONSt16remove_referenceIT_E4typeEOSD_
FN:97,98,_ZSt4moveIRPhEONSt16remove_referenceIT_E4typeEOS3_
FN:97,98,_ZSt4moveIRSaIcEEONSt16remove_referenceIT_E4typeEOS3_
FN:97,98,_ZSt4moveIRSaIhEEONSt16remove_referenceIT_E4typeEOS3_
FN:97,98,_ZSt4moveIRSt10unique_ptrIN7huffman4impl4nodeESt14default_deleteIS3_EEEONSt16remove_referenceIT_E4typeEOS9_
FN:97,98,_ZSt4moveIRSt5arrayIN7huffman4impl12bit_sequenceELm256EEEONSt16remove_referenceIT_E4typeEOS7_
FN:97,98,_ZSt4moveIRSt5tupleIJPN7huffman4impl4nodeESt14default_deleteIS3_EEEEONSt16remove_referenceIT_E4typeEOSA_
FN:97,98,_ZSt4moveIRSt6vectorIhSaIhEEEONSt16remove_referenceIT_E4typeEOS5_
FN:97,98,_ZSt4moveIRhEONSt16remove_referenceIT_E4typeEOS2_
FNDA:0,_ZSt9addressofIKN7huffman4impl12bit_sequenceEEPT_RS4_
FNDA:206224,_ZSt9addressofIKcEPT_RS1_
FNDA:1283,_ZSt9addressofIcEPT_RS0_
FNDA:3980,_ZSt11__addressofI13queue_elementEPT_RS1_
FNDA:0,_ZSt11__addressofIKN7huffman4impl12bit_sequenceEEPT_RS4_
FNDA:5681,_ZSt11__addressofIKSt6vectorIhSaIhEEEPT_RS4_
FNDA:206224,_ZSt11__addressofIKcEPT_RS1_
FNDA:79,_ZSt11__addressofINSt7__cxx1112basic_stringIcSt11char_traitsIcESaIcEEEEPT_RS6_
FNDA:21,_ZSt11__addressofINSt7__cxx1118basic_stringstreamIcSt11char_traitsIcESaIcEEEEPT_RS6_
FNDA:21,_ZSt11__addressofISt4pairINSt7__cxx1118basic_stringstreamIcSt11char_traitsIcESaIcEEENS1_12basic_stringIcS4_S5_EEEEPT_RSA_
FNDA:26,_ZSt11__addressofISt5arrayIN7huffman4impl12bit_sequenceELm256EEEPT_RS5_
FNDA:1283,_ZSt11__addressofIcEPT_RS0_
FNDA:0,_ZSt11__addressofIhEPT_RS0_
FNDA:2646,_ZSt7forwardI13queue_elementEOT_RNSt16remove_referenceIS1_E4typeE
FNDA:8344,_ZSt7forwardIDnEOT_RNSt16remove_referenceIS0_E4typeE
FNDA:122,_ZSt7forwardINSt7__cxx1112basic_stringIcSt11char_traitsIcESaIcEEEEOT_RNSt16remove_referenceIS6_E4typeE
FNDA:60,_ZSt7forwardINSt7__cxx1118basic_stringstreamIcSt11char_traitsIcESaIcEEEEOT_RNSt16remove_referenceIS6_E4typeE
FNDA:80032,_ZSt7forwardIR13queue_elementEOT_RNSt16remove_referenceIS2_E4typeE
FNDA:14,_ZSt7forwardIRA1_KcEOT_RNSt16remove_referenceIS3_E4typeE
FNDA:18,_ZSt7forwardIRA2_KcEOT_RNSt16remove_referenceIS3_E4typeE
FNDA:4,_ZSt7forwardIRA9_KcEOT_RNSt16remove_referenceIS3_E4typeE
FNDA:14,_ZSt7forwardIRKSt5arrayIN7huffman4impl12bit_sequenceELm256EEEOT_RNSt16remove_referenceIS7_E4typeE
FNDA:0,_ZSt7forwardIRKcEOT_RNSt16remove_referenceIS2_E4typeE
FNDA:351826,_ZSt7forwardIRKhEOT_RNSt16remove_referenceIS2_E4typeE
FNDA:5381,_ZSt7forwardIRKmEOT_RNSt16remove_referenceIS2_E4typeE
FNDA:7941,_ZSt7forwardIRPN7huffman4impl4nodeEEOT_RNSt16remove_referenceIS5_E4typeE
FNDA:5681,_ZSt7forwardIRPSt13_Rb_tree_nodeI4codeEEOT_RNSt16remove_referenceIS5_E4typeE
FNDA:0,_ZSt7forwardIRPSt18_Rb_tree_node_baseEOT_RNSt16remove_referenceIS3_E4typeE
FNDA:2636,_ZSt7forwardIRSt10unique_ptrIN7huffman4impl4nodeESt14default_deleteIS3_EEEOT_RNSt16remove_referenceIS8_E4typeE
FNDA:30464,_ZSt7forwardIRcEOT_RNSt16remove_referenceIS1_E4typeE
FNDA:9289,_ZSt7forwardIRhEOT_RNSt16remove_referenceIS1_E4typeE
FNDA:33883,_ZSt7forwardIRmEOT_RNSt16remove_referenceIS1_E4typeE
FNDA:5381,_ZSt7forwardISt10unique_ptrIN7huffman4impl4leafESt14default_deleteIS3_EEEOT_RNSt16remove_referenceIS7_E4typeE
FNDA:5272,_ZSt7forwardISt10unique_ptrIN7huffman4impl6parentESt14default_deleteIS3_EEEOT_RNSt16remove_referenceIS7_E4typeE
FNDA:10064,_ZSt7forwardISt14default_deleteIN7huffman4impl4leafEEEOT_RNSt16remove_referenceIS5_E4typeE
FNDA:23073,_ZSt7forwardISt14default_deleteIN7huffman4impl4nodeEEEOT_RNSt16remove_referenceIS5_E4typeE
FNDA:12080,_ZSt7forwardISt14default_deleteIN7huffman4impl6parentEEEOT_RNSt16remove_referenceIS5_E4typeE
FNDA:11362,_ZSt7forwardISt17_Rb_tree_iteratorI4codeEEOT_RNSt16remove_referenceIS3_E4typeE
FNDA:7,_ZSt7forwardISt4pairINSt7__cxx1118basic_stringstreamIcSt11char_traitsIcESaIcEEENS1_12basic_stringIcS4_S5_EEEEOT_RNSt16remove_referenceISA_E4typeE
FNDA:14,_ZSt7forwardISt5arrayIN7huffman4impl12bit_sequenceELm256EEEOT_RNSt16remove_referenceIS5_E4typeE
FNDA:0,_ZSt7forwardIbEOT_RNSt16remove_referenceIS0_E4typeE
FNDA:541651,_ZSt7forwardIhEOT_RNSt16remove_referenceIS0_E4typeE
FNDA:0,_ZSt7forwardIiEOT_RNSt16remove_referenceIS0_E4typeE
FNDA:0,_ZSt7forwardImEOT_RNSt16remove_referenceIS0_E4typeE
FNDA:37565,_ZSt4moveIR13queue_elementEONSt16remove_referenceIT_E4typeEOS3_
FNDA:3584,_ZSt4moveIRNSt12_Vector_baseIhSaIhEE12_Vector_implEEONSt16remove_referenceIT_E4typeEOS6_
FNDA:103,_ZSt4moveIRNSt7__cxx1112basic_stringIcSt11char_traitsIcESaIcEEEEONSt16remove_referenceIT_E4typeEOS8_
FNDA:13,_ZSt4moveIRNSt7__cxx1118basic_stringstreamIcSt11char_traitsIcESaIcEEEEONSt16remove_referenceIT_E4typeEOS8_
FNDA:0,_ZSt4moveIRPN7huffman4impl4leafEEONSt16remove_referenceIT_E4typeEOS6_
FNDA:6295,_ZSt4moveIRPN7huffman4impl4nodeEEONSt16remove_referenceIT_E4typeEOS6_
FNDA:0,_ZSt4moveIRPN7huffman4impl6parentEEONSt16remove_referenceIT_E4typeEOS6_
FNDA:0,_ZSt4moveIRPNSt7__cxx1112basic_stringIcSt11char_traitsIcESaIcEEEEONSt16remove_referenceIT_E4typeEOS9_
FNDA:92,_ZSt4moveIRPNSt7__cxx1118basic_stringstreamIcSt11char_traitsIcESaIcEEEEONSt16remove_referenceIT_E4typeEOS9_
FNDA:16,_ZSt4moveIRPSt4pairINSt7__cxx1118basic_stringstreamIcSt11char_traitsIcESaIcEEENS1_12basic_stringIcS4_S5_EEEEONSt16remove_referenceIT_E4typeEOSD_
FNDA:4064,_ZSt4moveIRPhEONSt16remove_referenceIT_E4typeEOS3_
FNDA:641,_ZSt4moveIRSaIcEEONSt16remove_referenceIT_E4typeEOS3_
FNDA:1009,_ZSt4moveIRSaIhEEONSt16remove_referenceIT_E4typeEOS3_
FNDA:16269,_ZSt4moveIRSt10unique_ptrIN7huffman4impl4nodeESt14default_deleteIS3_EEEONSt16remove_referenceIT_E4typeEOS9_
FNDA:7,_ZSt4moveIRSt5arrayIN7huffman4impl12bit_sequenceELm256EEEONSt16remove_referenceIT_E4typeEOS7_
FNDA:30772,_ZSt4moveIRSt5tupleIJPN7huffman4impl4nodeESt14default_deleteIS3_EEEEONSt16remove_referenceIT_E4typeEOSA_
FNDA:1009,_ZSt4moveIRSt6vectorIhSaIhEEEONSt16remove_referenceIT_E4typeEOS5_
FNDA:162805,_ZSt4moveIRhEONSt16remove_referenceIT_E4typeEOS2_
FNF:62
FNH:51
DA:51,217315
DA:52,217315
DA:70,1147259
DA:71,1147259
DA:97,264244
DA:98,264244
DA:138,207507
DA:139,207507
LF:8
LH:8
end_of_record
TN:
SF:/usr/include/c++/13.1.1/bits/new_allocator.h
FN:122,148,_ZNSt15__new_allocatorI13queue_elementE8allocateEmPKv
FN:122,148,_ZNSt15__new_allocatorINSt7__cxx1112basic_stringIcSt11char_traitsIcESaIcEEEE8allocateEmPKv
FN:122,148,_ZNSt15__new_allocatorINSt7__cxx1118basic_stringstreamIcSt11char_traitsIcESaIcEEEE8allocateEmPKv
FN:122,148,_ZNSt15__new_allocatorISt13_Rb_tree_nodeI4codeEE8allocateEmPKv
FN:122,148,_ZNSt15__new_allocatorISt4pairINSt7__cxx1118basic_stringstreamIcSt11char_traitsIcESaIcEEENS1_12basic_stringIcS4_S5_EEEE8allocateEmPKv
FN:122,148,_ZNSt15__new_allocatorISt5arrayIN7huffman4impl12bit_sequenceELm256EEE8allocateEmPKv
FN:122,148,_ZNSt15__new_allocatorIcE8allocateEmPKv
FN:122,148,_ZNSt15__new_allocatorIhE8allocateEmPKv
FN:152,169,_ZNSt15__new_allocatorI13queue_elementE10deallocateEPS0_m
FN:152,169,_ZNSt15__new_allocatorINSt7__cxx1112basic_stringIcSt11char_traitsIcESaIcEEEE10deallocateEPS5_m
FN:152,169,_ZNSt15__new_allocatorINSt7__cxx1118basic_stringstreamIcSt11char_traitsIcESaIcEEEE10deallocateEPS5_m
FN:152,169,_ZNSt15__new_allocatorISt13_Rb_tree_nodeI4codeEE10deallocateEPS2_m
[...]
FNDA:0,_ZSt27__throw_bad_optional_accessv
FNDA:274713,_ZNSt22_Optional_payload_baseIhEC2Ev
FNDA:68507,_ZNSt22_Optional_payload_baseIhEC2IJRKhEEESt10in_place_tDpOT_
FNDA:68495,_ZSt13make_optionalIRKhENSt9enable_ifIX18is_constructible_vINSt5decayIT_E4typeES4_EESt8optionalIS6_EE4typeEOS4_
FNDA:274713,_ZNSt22_Optional_payload_baseIhE8_StorageIhLb1EEC2Ev
FNDA:68507,_ZNSt22_Optional_payload_baseIhE8_StorageIhLb1EEC2IJRKhEEESt10in_place_tDpOT_
FNDA:68507,_ZNSt22_Optional_payload_baseIhE6_M_getEv
FNDA:274713,_ZNSt17_Optional_payloadIhLb1ELb1ELb1EEC2Ev
FNDA:411727,_ZNKSt19_Optional_base_implIhSt14_Optional_baseIhLb1ELb1EEE13_M_is_engagedEv
FNDA:68507,_ZNSt19_Optional_base_implIhSt14_Optional_baseIhLb1ELb1EEE6_M_getEv
FNDA:274713,_ZNSt14_Optional_baseIhLb1ELb1EEC2Ev
FNDA:68507,_ZNSt14_Optional_baseIhLb1ELb1EEC2IJRKhELb0EEESt10in_place_tDpOT_
FNDA:274713,_ZNSt8optionalIhEC2ESt9nullopt_t
FNDA:68507,_ZNSt8optionalIhEC2IRKhLb1EEEOT_
FNDA:343220,_ZNKSt8optionalIhE9has_valueEv
FNDA:68507,_ZNRSt8optionalIhE5valueEv
FNF:20
FNH:15
DA:101,0
DA:102,0
DA:104,0
DA:105,0
DA:110,0
DA:111,0
DA:120,274713
DA:125,68507
DA:126,68507
DA:127,68507
DA:128,68507
DA:209,274713
DA:213,68507
DA:214,68507
DA:215,68507
DA:306,68507
DA:307,68507
DA:341,274713
DA:470,411727
DA:471,411727
DA:475,68507
DA:477,68507
DA:478,68507
DA:643,274713
DA:649,68507
DA:650,68507
DA:651,68507
DA:739,274713
DA:747,68507
DA:749,68507
DA:987,343220
DA:988,343220
DA:999,68507
DA:1001,68507
DA:1002,68507
DA:1003,0
DA:1448,68495
DA:1450,68495
LF:38
LH:31
end_of_record
TN:
SF:/usr/include/c++/13.1.1/tuple
FN:125,125,_ZNSt10_Head_baseILm1ESt14default_deleteIN7huffman4impl4leafEELb1EE7_M_headERS5_
FN:125,125,_ZNSt10_Head_baseILm1ESt14default_deleteIN7huffman4impl4nodeEELb1EE7_M_headERS5_
FN:125,125,_ZNSt10_Head_baseILm1ESt14default_deleteIN7huffman4impl6parentEELb1EE7_M_headERS5_
FN:125,125,_ZNSt10_Head_baseILm1ESt14default_deleteINSt7__cxx1112basic_stringIcSt11char_traitsIcESaIcEEEELb1EE7_M_headERS8_
FN:125,125,_ZNSt10_Head_baseILm1ESt14default_deleteINSt7__cxx1118basic_stringstreamIcSt11char_traitsIcESaIcEEEELb1EE7_M_headERS8_
FN:1310,1312,_ZNSt5tupleIJPN7huffman4impl4leafESt14default_deleteIS2_EEEC2ILb1ELb1EEEv
FN:1310,1312,_ZNSt5tupleIJPN7huffman4impl4nodeESt14default_deleteIS2_EEEC2ILb1ELb1EEEv
FN:1310,1312,_ZNSt5tupleIJPN7huffman4impl6parentESt14default_deleteIS2_EEEC2ILb1ELb1EEEv
FN:1310,1312,_ZNSt5tupleIJPNSt7__cxx1112basic_stringIcSt11char_traitsIcESaIcEEESt14default_deleteIS5_EEEC2ILb1ELb1EEEv
FN:1338,1340,_ZNSt5tupleIJPN7huffman4impl4nodeESt14default_deleteIS2_EEEC2IRS3_S4_INS1_4leafEELb1EEEOT_OT0_
FN:1338,1340,_ZNSt5tupleIJPN7huffman4impl4nodeESt14default_deleteIS2_EEEC2IRS3_S4_INS1_6parentEELb1EEEOT_OT0_
FN:1351,1351,_ZNSt5tupleIJPN7huffman4impl4nodeESt14default_deleteIS2_EEEC2EOS6_
FN:1773,1774,_ZSt12__get_helperILm0EPN7huffman4impl4leafEJSt14default_deleteIS2_EEERT0_RSt11_Tuple_implIXT_EJS6_DpT1_EE
FN:1773,1774,_ZSt12__get_helperILm0EPN7huffman4impl4nodeEJSt14default_deleteIS2_EEERT0_RSt11_Tuple_implIXT_EJS6_DpT1_EE
FN:1773,1774,_ZSt12__get_helperILm0EPN7huffman4impl6parentEJSt14default_deleteIS2_EEERT0_RSt11_Tuple_implIXT_EJS6_DpT1_EE
FN:1773,1774,_ZSt12__get_helperILm0EPNSt7__cxx1112basic_stringIcSt11char_traitsIcESaIcEEEJSt14default_deleteIS5_EEERT0_RSt11_Tuple_implIXT_EJS9_DpT1_EE
FN:1773,1774,_ZSt12__get_helperILm0EPNSt7__cxx1118basic_stringstreamIcSt11char_traitsIcESaIcEEEJSt14default_deleteIS5_EEERT0_RSt11_Tuple_implIXT_EJS9_DpT1_EE
FN:1773,1774,_ZSt12__get_helperILm1ESt14default_deleteIN7huffman4impl4leafEEJEERT0_RSt11_Tuple_implIXT_EJS5_DpT1_EE
FN:1773,1774,_ZSt12__get_helperILm1ESt14default_deleteIN7huffman4impl4nodeEEJEERT0_RSt11_Tuple_implIXT_EJS5_DpT1_EE
FN:1773,1774,_ZSt12__get_helperILm1ESt14default_deleteIN7huffman4impl6parentEEJEERT0_RSt11_Tuple_implIXT_EJS5_DpT1_EE
FN:1773,1774,_ZSt12__get_helperILm1ESt14default_deleteINSt7__cxx1112basic_stringIcSt11char_traitsIcESaIcEEEEJEERT0_RSt11_Tuple_implIXT_EJS8_DpT1_EE
FN:1773,1774,_ZSt12__get_helperILm1ESt14default_deleteINSt7__cxx1118basic_stringstreamIcSt11char_traitsIcESaIcEEEEJEERT0_RSt11_Tuple_implIXT_EJS8_DpT1_EE
FN:1778,1779,_ZSt12__get_helperILm0EPN7huffman4impl4nodeEJSt14default_deleteIS2_EEERKT0_RKSt11_Tuple_implIXT_EJS6_DpT1_EE
FN:1778,1779,_ZSt12__get_helperILm0EPNSt7__cxx1112basic_stringIcSt11char_traitsIcESaIcEEEJSt14default_deleteIS5_EEERKT0_RKSt11_Tuple_implIXT_EJS9_DpT1_EE
FN:1789,1790,_ZSt3getILm0EJPN7huffman4impl4leafESt14default_deleteIS2_EEERNSt13tuple_elementIXT_ESt5tupleIJDpT0_EEE4typeERSA_
FN:1789,1790,_ZSt3getILm0EJPN7huffman4impl4nodeESt14default_deleteIS2_EEERNSt13tuple_elementIXT_ESt5tupleIJDpT0_EEE4typeERSA_
FN:1789,1790,_ZSt3getILm0EJPN7huffman4impl6parentESt14default_deleteIS2_EEERNSt13tuple_elementIXT_ESt5tupleIJDpT0_EEE4typeERSA_
FN:1789,1790,_ZSt3getILm0EJPNSt7__cxx1112basic_stringIcSt11char_traitsIcESaIcEEESt14default_deleteIS5_EEERNSt13tuple_elementIXT_ESt5tupleIJDpT0_EEE4typeERSD_
FN:1789,1790,_ZSt3getILm0EJPNSt7__cxx1118basic_stringstreamIcSt11char_traitsIcESaIcEEESt14default_deleteIS5_EEERNSt13tuple_elementIXT_ESt5tupleIJDpT0_EEE4typeERSD_
FN:1789,1790,_ZSt3getILm1EJPN7huffman4impl4leafESt14default_deleteIS2_EEERNSt13tuple_elementIXT_ESt5tupleIJDpT0_EEE4typeERSA_
FN:1789,1790,_ZSt3getILm1EJPN7huffman4impl4nodeESt14default_deleteIS2_EEERNSt13tuple_elementIXT_ESt5tupleIJDpT0_EEE4typeERSA_
FN:1789,1790,_ZSt3getILm1EJPN7huffman4impl6parentESt14default_deleteIS2_EEERNSt13tuple_elementIXT_ESt5tupleIJDpT0_EEE4typeERSA_
FN:1789,1790,_ZSt3getILm1EJPNSt7__cxx1112basic_stringIcSt11char_traitsIcESaIcEEESt14default_deleteIS5_EEERNSt13tuple_elementIXT_ESt5tupleIJDpT0_EEE4typeERSD_
FN:1789,1790,_ZSt3getILm1EJPNSt7__cxx1118basic_stringstreamIcSt11char_traitsIcESaIcEEESt14default_deleteIS5_EEERNSt13tuple_elementIXT_ESt5tupleIJDpT0_EEE4typeERSD_
FN:1795,1796,_ZSt3getILm0EJPN7huffman4impl4nodeESt14default_deleteIS2_EEERKNSt13tuple_elementIXT_ESt5tupleIJDpT0_EEE4typeERKSA_
FN:1795,1796,_ZSt3getILm0EJPNSt7__cxx1112basic_stringIcSt11char_traitsIcESaIcEEESt14default_deleteIS5_EEERKNSt13tuple_elementIXT_ESt5tupleIJDpT0_EEE4typeERKSD_
FN:190,191,_ZNSt10_Head_baseILm0EPN7huffman4impl4leafELb0EEC2Ev
FN:190,191,_ZNSt10_Head_baseILm0EPN7huffman4impl4nodeELb0EEC2Ev
FN:190,191,_ZNSt10_Head_baseILm0EPN7huffman4impl6parentELb0EEC2Ev
FN:190,191,_ZNSt10_Head_baseILm0EPNSt7__cxx1112basic_stringIcSt11char_traitsIcESaIcEEELb0EEC2Ev
FN:200,201,_ZNSt10_Head_baseILm0EPN7huffman4impl4nodeELb0EEC2IRS3_EEOT_
FN:234,234,_ZNSt10_Head_baseILm0EPN7huffman4impl4leafELb0EE7_M_headERS4_
FN:234,234,_ZNSt10_Head_baseILm0EPN7huffman4impl4nodeELb0EE7_M_headERS4_
FN:234,234,_ZNSt10_Head_baseILm0EPN7huffman4impl6parentELb0EE7_M_headERS4_
FN:234,234,_ZNSt10_Head_baseILm0EPNSt7__cxx1112basic_stringIcSt11char_traitsIcESaIcEEELb0EE7_M_headERS7_
FN:234,234,_ZNSt10_Head_baseILm0EPNSt7__cxx1118basic_stringstreamIcSt11char_traitsIcESaIcEEELb0EE7_M_headERS7_
FN:237,237,_ZNSt10_Head_baseILm0EPN7huffman4impl4nodeELb0EE7_M_headERKS4_
FN:237,237,_ZNSt10_Head_baseILm0EPNSt7__cxx1112basic_stringIcSt11char_traitsIcESaIcEEELb0EE7_M_headERKS7_
FN:269,269,_ZNSt11_Tuple_implILm0EJPN7huffman4impl4leafESt14default_deleteIS2_EEE7_M_headERS6_
FN:269,269,_ZNSt11_Tuple_implILm0EJPN7huffman4impl4nodeESt14default_deleteIS2_EEE7_M_headERS6_
FN:269,269,_ZNSt11_Tuple_implILm0EJPN7huffman4impl6parentESt14default_deleteIS2_EEE7_M_headERS6_
FN:269,269,_ZNSt11_Tuple_implILm0EJPNSt7__cxx1112basic_stringIcSt11char_traitsIcESaIcEEESt14default_deleteIS5_EEE7_M_headERS9_
FN:269,269,_ZNSt11_Tuple_implILm0EJPNSt7__cxx1118basic_stringstreamIcSt11char_traitsIcESaIcEEESt14default_deleteIS5_EEE7_M_headERS9_
FN:272,272,_ZNSt11_Tuple_implILm0EJPN7huffman4impl4nodeESt14default_deleteIS2_EEE7_M_headERKS6_
FN:272,272,_ZNSt11_Tuple_implILm0EJPNSt7__cxx1112basic_stringIcSt11char_traitsIcESaIcEEESt14default_deleteIS5_EEE7_M_headERKS9_
FN:280,281,_ZNSt11_Tuple_implILm0EJPN7huffman4impl4leafESt14default_deleteIS2_EEEC2Ev
FN:280,281,_ZNSt11_Tuple_implILm0EJPN7huffman4impl4nodeESt14default_deleteIS2_EEEC2Ev
FN:280,281,_ZNSt11_Tuple_implILm0EJPN7huffman4impl6parentESt14default_deleteIS2_EEEC2Ev
FN:280,281,_ZNSt11_Tuple_implILm0EJPNSt7__cxx1112basic_stringIcSt11char_traitsIcESaIcEEESt14default_deleteIS5_EEEC2Ev
FN:291,294,_ZNSt11_Tuple_implILm0EJPN7huffman4impl4nodeESt14default_deleteIS2_EEEC2IRS3_JS4_INS1_4leafEEEvEEOT_DpOT0_
FN:291,294,_ZNSt11_Tuple_implILm0EJPN7huffman4impl4nodeESt14default_deleteIS2_EEEC2IRS3_JS4_INS1_6parentEEEvEEOT_DpOT0_
FN:302,302,_ZNSt11_Tuple_implILm0EJPN7huffman4impl4nodeESt14default_deleteIS2_EEEC2EOS6_
FN:497,497,_ZNSt11_Tuple_implILm1EJSt14default_deleteIN7huffman4impl4leafEEEE7_M_headERS5_
FN:497,497,_ZNSt11_Tuple_implILm1EJSt14default_deleteIN7huffman4impl4nodeEEEE7_M_headERS5_
FN:497,497,_ZNSt11_Tuple_implILm1EJSt14default_deleteIN7huffman4impl6parentEEEE7_M_headERS5_
FN:497,497,_ZNSt11_Tuple_implILm1EJSt14default_deleteINSt7__cxx1112basic_stringIcSt11char_traitsIcESaIcEEEEEE7_M_headERS8_
FN:497,497,_ZNSt11_Tuple_implILm1EJSt14default_deleteINSt7__cxx1118basic_stringstreamIcSt11char_traitsIcESaIcEEEEEE7_M_headERS8_
FN:503,504,_ZNSt11_Tuple_implILm1EJSt14default_deleteIN7huffman4impl4leafEEEEC2Ev
FN:503,504,_ZNSt11_Tuple_implILm1EJSt14default_deleteIN7huffman4impl4nodeEEEEC2Ev
FN:503,504,_ZNSt11_Tuple_implILm1EJSt14default_deleteIN7huffman4impl6parentEEEEC2Ev
FN:503,504,_ZNSt11_Tuple_implILm1EJSt14default_deleteINSt7__cxx1112basic_stringIcSt11char_traitsIcESaIcEEEEEEC2Ev
FN:513,515,_ZNSt11_Tuple_implILm1EJSt14default_deleteIN7huffman4impl4nodeEEEEC2IS0_INS2_4leafEEEEOT_
FN:513,515,_ZNSt11_Tuple_implILm1EJSt14default_deleteIN7huffman4impl4nodeEEEEC2IS0_INS2_6parentEEEEOT_
FN:527,530,_ZNSt11_Tuple_implILm1EJSt14default_deleteIN7huffman4impl4nodeEEEEC2EOS5_
FN:81,82,_ZNSt10_Head_baseILm1ESt14default_deleteIN7huffman4impl4leafEELb1EEC2Ev
FN:81,82,_ZNSt10_Head_baseILm1ESt14default_deleteIN7huffman4impl4nodeEELb1EEC2Ev
FN:81,82,_ZNSt10_Head_baseILm1ESt14default_deleteIN7huffman4impl6parentEELb1EEC2Ev
FN:81,82,_ZNSt10_Head_baseILm1ESt14default_deleteINSt7__cxx1112basic_stringIcSt11char_traitsIcESaIcEEEELb1EEC2Ev
FN:91,92,_ZNSt10_Head_baseILm1ESt14default_deleteIN7huffman4impl4nodeEELb1EEC2IS0_INS2_4leafEEEEOT_
FN:91,92,_ZNSt10_Head_baseILm1ESt14default_deleteIN7huffman4impl4nodeEELb1EEC2IS0_INS2_6parentEEEEOT_
FNDA:3419,_ZNSt10_Head_baseILm1ESt14default_deleteIN7huffman4impl4leafEELb1EE7_M_headERS5_
FNDA:54537,_ZNSt10_Head_baseILm1ESt14default_deleteIN7huffman4impl4nodeEELb1EE7_M_headERS5_
FNDA:5490,_ZNSt10_Head_baseILm1ESt14default_deleteIN7huffman4impl6parentEELb1EE7_M_headERS5_
FNDA:0,_ZNSt10_Head_baseILm1ESt14default_deleteINSt7__cxx1112basic_stringIcSt11char_traitsIcESaIcEEEELb1EE7_M_headERS8_
FNDA:76,_ZNSt10_Head_baseILm1ESt14default_deleteINSt7__cxx1118basic_stringstreamIcSt11char_traitsIcESaIcEEEELb1EE7_M_headERS8_
FNDA:3419,_ZNSt5tupleIJPN7huffman4impl4leafESt14default_deleteIS2_EEEC2ILb1ELb1EEEv
FNDA:8373,_ZNSt5tupleIJPN7huffman4impl4nodeESt14default_deleteIS2_EEEC2ILb1ELb1EEEv
FNDA:5490,_ZNSt5tupleIJPN7huffman4impl6parentESt14default_deleteIS2_EEEC2ILb1ELb1EEEv
FNDA:318676,_ZNSt5tupleIJPNSt7__cxx1112basic_stringIcSt11char_traitsIcESaIcEEESt14default_deleteIS5_EEEC2ILb1ELb1EEEv
FNDA:1329,_ZNSt5tupleIJPN7huffman4impl4nodeESt14default_deleteIS2_EEEC2IRS3_S4_INS1_4leafEELb1EEEOT_OT0_
FNDA:1318,_ZNSt5tupleIJPN7huffman4impl4nodeESt14default_deleteIS2_EEEC2IRS3_S4_INS1_6parentEELb1EEEOT_OT0_
FNDA:30772,_ZNSt5tupleIJPN7huffman4impl4nodeESt14default_deleteIS2_EEEC2EOS6_
FNDA:13676,_ZSt12__get_helperILm0EPN7huffman4impl4leafEJSt14default_deleteIS2_EEERT0_RSt11_Tuple_implIXT_EJS6_DpT1_EE
FNDA:166400,_ZSt12__get_helperILm0EPN7huffman4impl4nodeEJSt14default_deleteIS2_EEERT0_RSt11_Tuple_implIXT_EJS6_DpT1_EE
FNDA:21960,_ZSt12__get_helperILm0EPN7huffman4impl6parentEJSt14default_deleteIS2_EEERT0_RSt11_Tuple_implIXT_EJS6_DpT1_EE
FNDA:318676,_ZSt12__get_helperILm0EPNSt7__cxx1112basic_stringIcSt11char_traitsIcESaIcEEEJSt14default_deleteIS5_EEERT0_RSt11_Tuple_implIXT_EJS9_DpT1_EE
FNDA:152,_ZSt12__get_helperILm0EPNSt7__cxx1118basic_stringstreamIcSt11char_traitsIcESaIcEEEJSt14default_deleteIS5_EEERT0_RSt11_Tuple_implIXT_EJS9_DpT1_EE
FNDA:3419,_ZSt12__get_helperILm1ESt14default_deleteIN7huffman4impl4leafEEJEERT0_RSt11_Tuple_implIXT_EJS5_DpT1_EE
FNDA:54537,_ZSt12__get_helperILm1ESt14default_deleteIN7huffman4impl4nodeEEJEERT0_RSt11_Tuple_implIXT_EJS5_DpT1_EE
FNDA:5490,_ZSt12__get_helperILm1ESt14default_deleteIN7huffman4impl6parentEEJEERT0_RSt11_Tuple_implIXT_EJS5_DpT1_EE
FNDA:0,_ZSt12__get_helperILm1ESt14default_deleteINSt7__cxx1112basic_stringIcSt11char_traitsIcESaIcEEEEJEERT0_RSt11_Tuple_implIXT_EJS8_DpT1_EE
FNDA:76,_ZSt12__get_helperILm1ESt14default_deleteINSt7__cxx1118basic_stringstreamIcSt11char_traitsIcESaIcEEEEJEERT0_RSt11_Tuple_implIXT_EJS8_DpT1_EE
FNDA:424229,_ZSt12__get_helperILm0EPN7huffman4impl4nodeEJSt14default_deleteIS2_EEERKT0_RKSt11_Tuple_implIXT_EJS6_DpT1_EE
FNDA:0,_ZSt12__get_helperILm0EPNSt7__cxx1112basic_stringIcSt11char_traitsIcESaIcEEEJSt14default_deleteIS5_EEERKT0_RKSt11_Tuple_implIXT_EJS9_DpT1_EE
FNDA:13676,_ZSt3getILm0EJPN7huffman4impl4leafESt14default_deleteIS2_EEERNSt13tuple_elementIXT_ESt5tupleIJDpT0_EEE4typeERSA_
FNDA:166400,_ZSt3getILm0EJPN7huffman4impl4nodeESt14default_deleteIS2_EEERNSt13tuple_elementIXT_ESt5tupleIJDpT0_EEE4typeERSA_
FNDA:21960,_ZSt3getILm0EJPN7huffman4impl6parentESt14default_deleteIS2_EEERNSt13tuple_elementIXT_ESt5tupleIJDpT0_EEE4typeERSA_
FNDA:318676,_ZSt3getILm0EJPNSt7__cxx1112basic_stringIcSt11char_traitsIcESaIcEEESt14default_deleteIS5_EEERNSt13tuple_elementIXT_ESt5tupleIJDpT0_EEE4typeERSD_
FNDA:152,_ZSt3getILm0EJPNSt7__cxx1118basic_stringstreamIcSt11char_traitsIcESaIcEEESt14default_deleteIS5_EEERNSt13tuple_elementIXT_ESt5tupleIJDpT0_EEE4typeERSD_
FNDA:3419,_ZSt3getILm1EJPN7huffman4impl4leafESt14default_deleteIS2_EEERNSt13tuple_elementIXT_ESt5tupleIJDpT0_EEE4typeERSA_
FNDA:54537,_ZSt3getILm1EJPN7huffman4impl4nodeESt14default_deleteIS2_EEERNSt13tuple_elementIXT_ESt5tupleIJDpT0_EEE4typeERSA_
FNDA:5490,_ZSt3getILm1EJPN7huffman4impl6parentESt14default_deleteIS2_EEERNSt13tuple_elementIXT_ESt5tupleIJDpT0_EEE4typeERSA_
FNDA:0,_ZSt3getILm1EJPNSt7__cxx1112basic_stringIcSt11char_traitsIcESaIcEEESt14default_deleteIS5_EEERNSt13tuple_elementIXT_ESt5tupleIJDpT0_EEE4typeERSD_
FNDA:76,_ZSt3getILm1EJPNSt7__cxx1118basic_stringstreamIcSt11char_traitsIcESaIcEEESt14default_deleteIS5_EEERNSt13tuple_elementIXT_ESt5tupleIJDpT0_EEE4typeERSD_
FNDA:424229,_ZSt3getILm0EJPN7huffman4impl4nodeESt14default_deleteIS2_EEERKNSt13tuple_elementIXT_ESt5tupleIJDpT0_EEE4typeERKSA_
FNDA:0,_ZSt3getILm0EJPNSt7__cxx1112basic_stringIcSt11char_traitsIcESaIcEEESt14default_deleteIS5_EEERKNSt13tuple_elementIXT_ESt5tupleIJDpT0_EEE4typeERKSD_
FNDA:3419,_ZNSt10_Head_baseILm0EPN7huffman4impl4leafELb0EEC2Ev
FNDA:8373,_ZNSt10_Head_baseILm0EPN7huffman4impl4nodeELb0EEC2Ev
FNDA:5490,_ZNSt10_Head_baseILm0EPN7huffman4impl6parentELb0EEC2Ev
FNDA:318676,_ZNSt10_Head_baseILm0EPNSt7__cxx1112basic_stringIcSt11char_traitsIcESaIcEEELb0EEC2Ev
FNDA:2647,_ZNSt10_Head_baseILm0EPN7huffman4impl4nodeELb0EEC2IRS3_EEOT_
FNDA:13676,_ZNSt10_Head_baseILm0EPN7huffman4impl4leafELb0EE7_M_headERS4_
FNDA:166400,_ZNSt10_Head_baseILm0EPN7huffman4impl4nodeELb0EE7_M_headERS4_
FNDA:21960,_ZNSt10_Head_baseILm0EPN7huffman4impl6parentELb0EE7_M_headERS4_
FNDA:318676,_ZNSt10_Head_baseILm0EPNSt7__cxx1112basic_stringIcSt11char_traitsIcESaIcEEELb0EE7_M_headERS7_
FNDA:152,_ZNSt10_Head_baseILm0EPNSt7__cxx1118basic_stringstreamIcSt11char_traitsIcESaIcEEELb0EE7_M_headERS7_
FNDA:424229,_ZNSt10_Head_baseILm0EPN7huffman4impl4nodeELb0EE7_M_headERKS4_
FNDA:0,_ZNSt10_Head_baseILm0EPNSt7__cxx1112basic_stringIcSt11char_traitsIcESaIcEEELb0EE7_M_headERKS7_
FNDA:13676,_ZNSt11_Tuple_implILm0EJPN7huffman4impl4leafESt14default_deleteIS2_EEE7_M_headERS6_
FNDA:166400,_ZNSt11_Tuple_implILm0EJPN7huffman4impl4nodeESt14default_deleteIS2_EEE7_M_headERS6_
FNDA:21960,_ZNSt11_Tuple_implILm0EJPN7huffman4impl6parentESt14default_deleteIS2_EEE7_M_headERS6_
FNDA:318676,_ZNSt11_Tuple_implILm0EJPNSt7__cxx1112basic_stringIcSt11char_traitsIcESaIcEEESt14default_deleteIS5_EEE7_M_headERS9_
FNDA:152,_ZNSt11_Tuple_implILm0EJPNSt7__cxx1118basic_stringstreamIcSt11char_traitsIcESaIcEEESt14default_deleteIS5_EEE7_M_headERS9_
FNDA:424229,_ZNSt11_Tuple_implILm0EJPN7huffman4impl4nodeESt14default_deleteIS2_EEE7_M_headERKS6_
FNDA:0,_ZNSt11_Tuple_implILm0EJPNSt7__cxx1112basic_stringIcSt11char_traitsIcESaIcEEESt14default_deleteIS5_EEE7_M_headERKS9_
FNDA:3419,_ZNSt11_Tuple_implILm0EJPN7huffman4impl4leafESt14default_deleteIS2_EEEC2Ev
FNDA:8373,_ZNSt11_Tuple_implILm0EJPN7huffman4impl4nodeESt14default_deleteIS2_EEEC2Ev
FNDA:5490,_ZNSt11_Tuple_implILm0EJPN7huffman4impl6parentESt14default_deleteIS2_EEEC2Ev
FNDA:318676,_ZNSt11_Tuple_implILm0EJPNSt7__cxx1112basic_stringIcSt11char_traitsIcESaIcEEESt14default_deleteIS5_EEEC2Ev
FNDA:1329,_ZNSt11_Tuple_implILm0EJPN7huffman4impl4nodeESt14default_deleteIS2_EEEC2IRS3_JS4_INS1_4leafEEEvEEOT_DpOT0_
FNDA:1318,_ZNSt11_Tuple_implILm0EJPN7huffman4impl4nodeESt14default_deleteIS2_EEEC2IRS3_JS4_INS1_6parentEEEvEEOT_DpOT0_
FNDA:30772,_ZNSt11_Tuple_implILm0EJPN7huffman4impl4nodeESt14default_deleteIS2_EEEC2EOS6_
FNDA:3419,_ZNSt11_Tuple_implILm1EJSt14default_deleteIN7huffman4impl4leafEEEE7_M_headERS5_
FNDA:54537,_ZNSt11_Tuple_implILm1EJSt14default_deleteIN7huffman4impl4nodeEEEE7_M_headERS5_
FNDA:5490,_ZNSt11_Tuple_implILm1EJSt14default_deleteIN7huffman4impl6parentEEEE7_M_headERS5_
FNDA:0,_ZNSt11_Tuple_implILm1EJSt14default_deleteINSt7__cxx1112basic_stringIcSt11char_traitsIcESaIcEEEEEE7_M_headERS8_
FNDA:76,_ZNSt11_Tuple_implILm1EJSt14default_deleteINSt7__cxx1118basic_stringstreamIcSt11char_traitsIcESaIcEEEEEE7_M_headERS8_
FNDA:3419,_ZNSt11_Tuple_implILm1EJSt14default_deleteIN7huffman4impl4leafEEEEC2Ev
FNDA:8373,_ZNSt11_Tuple_implILm1EJSt14default_deleteIN7huffman4impl4nodeEEEEC2Ev
FNDA:5490,_ZNSt11_Tuple_implILm1EJSt14default_deleteIN7huffman4impl6parentEEEEC2Ev
FNDA:318676,_ZNSt11_Tuple_implILm1EJSt14default_deleteINSt7__cxx1112basic_stringIcSt11char_traitsIcESaIcEEEEEEC2Ev
FNDA:1329,_ZNSt11_Tuple_implILm1EJSt14default_deleteIN7huffman4impl4nodeEEEEC2IS0_INS2_4leafEEEEOT_
FNDA:1318,_ZNSt11_Tuple_implILm1EJSt14default_deleteIN7huffman4impl4nodeEEEEC2IS0_INS2_6parentEEEEOT_
FNDA:30772,_ZNSt11_Tuple_implILm1EJSt14default_deleteIN7huffman4impl4nodeEEEEC2EOS5_
FNDA:3419,_ZNSt10_Head_baseILm1ESt14default_deleteIN7huffman4impl4leafEELb1EEC2Ev
FNDA:8373,_ZNSt10_Head_baseILm1ESt14default_deleteIN7huffman4impl4nodeEELb1EEC2Ev
FNDA:5490,_ZNSt10_Head_baseILm1ESt14default_deleteIN7huffman4impl6parentEELb1EEC2Ev
FNDA:318676,_ZNSt10_Head_baseILm1ESt14default_deleteINSt7__cxx1112basic_stringIcSt11char_traitsIcESaIcEEEELb1EEC2Ev
FNDA:1329,_ZNSt10_Head_baseILm1ESt14default_deleteIN7huffman4impl4nodeEELb1EEC2IS0_INS2_4leafEEEEOT_
FNDA:1318,_ZNSt10_Head_baseILm1ESt14default_deleteIN7huffman4impl4nodeEELb1EEC2IS0_INS2_6parentEEEEOT_
FNF:80
FNH:72
DA:81,335958
DA:82,335958
DA:91,2647
DA:92,2647
DA:125,63522
DA:190,335958
DA:191,335958
DA:200,2647
DA:201,2647
DA:234,520864
DA:237,424229
DA:269,520864
DA:272,424229
DA:280,335958
DA:281,335958
DA:291,2647
DA:293,2647
DA:294,2647
DA:302,30772
DA:497,63522
DA:503,335958
DA:504,335958
DA:513,2647
DA:514,2647
DA:515,2647
DA:527,30772
DA:530,30772
DA:1310,335958
DA:1312,335958
DA:1338,2647
DA:1340,2647
DA:1351,30772
DA:1773,584386
DA:1774,584386
DA:1778,424229
DA:1779,424229
DA:1789,584386
DA:1790,584386
DA:1795,424229
DA:1796,424229
LF:40
LH:40
end_of_record
TN:
SF:/usr/include/c++/13.1.1/type_traits
FN:3644,3651,_ZSt21is_constant_evaluatedv
FNDA:45996,_ZSt21is_constant_evaluatedv
FNF:1
FNH:1
DA:3644,45996
DA:3649,45996
LF:2
LH:2
end_of_record
TN:
SF:/usr/include/c++/13.1.1/typeinfo
FN:103,104,_ZNKSt9type_info4nameEv
FNDA:0,_ZNKSt9type_info4nameEv
FNF:1
FNH:0
DA:103,0
DA:104,0
LF:2
LH:0
end_of_record
TN:
SF:/usr/include/c++/13.1.1/x86_64-pc-linux-gnu/bits/c++config.h
FN:540,551,_ZSt23__is_constant_evaluatedv
FNDA:689629,_ZSt23__is_constant_evaluatedv
FNF:1
FNH:1
DA:540,689629
DA:547,689629
LF:2
LH:2
end_of_record
